#
# A fatal error has been detected by the Java Runtime Environment:
#
#  EXCEPTION_ACCESS_VIOLATION (0xc0000005) at pc=0x00007ffad9550510, pid=22660, tid=13064
#
# JRE version: OpenJDK Runtime Environment (11.0.2+9) (build 11.0.2+9)
# Java VM: OpenJDK 64-Bit Server VM (11.0.2+9, mixed mode, tiered, compressed oops, g1 gc, windows-amd64)
# Problematic frame:
# C  [dwrite.dll+0xb0510]
#
# No core dump will be written. Minidumps are not enabled by default on client versions of Windows
#
# If you would like to submit a bug report, please visit:
#   http://bugreport.java.com/bugreport/crash.jsp
# The crash happened outside the Java Virtual Machine in native code.
# See problematic frame for where to report the bug.
#

---------------  S U M M A R Y ------------

Command Line: -agentlib:jdwp=transport=dt_socket,address=127.0.0.1:64489,suspend=y,server=n --add-modules=javafx.base,javafx.graphics --add-reads=javafx.base=ALL-UNNAMED --add-reads=javafx.graphics=ALL-UNNAMED -javaagent:C:\Users\Pavel\.IntelliJIdea2019.3\system\captureAgent\debugger-agent.jar -Dfile.encoding=UTF-8 --module-path=C:\Program Files\Java\javafx-sdk-11.0.2\lib\javafx.base.jar;C:\Program Files\Java\javafx-sdk-11.0.2\lib\javafx.graphics.jar;C:\Users\Pavel\IdeaProjects\PIC16F84-Simulation\out\production\PIC16F84-Simulation;C:\Users\Pavel\.m2\repository\junit\junit\4.12\junit-4.12.jar;C:\Users\Pavel\.m2\repository\org\hamcrest\hamcrest-core\1.3\hamcrest-core-1.3.jar;C:\Users\Pavel\.m2\repository\org\junit\jupiter\junit-jupiter\5.4.2\junit-jupiter-5.4.2.jar;C:\Users\Pavel\.m2\repository\org\junit\jupiter\junit-jupiter-api\5.4.2\junit-jupiter-api-5.4.2.jar;C:\Users\Pavel\.m2\repository\org\apiguardian\apiguardian-api\1.0.0\apiguardian-api-1.0.0.jar;C:\Users\Pavel\.m2\repository\org\opentest4j\opentest4j\1.1.1\opentest4j-1.1.1.jar;C:\Users\Pavel\.m2\repository\org\junit\platform\junit-platform-commons\1.4.2\junit-platform-commons-1.4.2.jar;C:\Users\Pavel\.m2\repository\org\junit\jupiter\junit-jupiter-params\5.4.2\junit-jupiter-params-5.4.2.jar;C:\Users\Pavel\.m2\repository\org\junit\jupiter\junit-jupiter-engine\5.4.2\junit-jupiter-engine-5.4.2.jar;C:\Users\Pavel\.m2\repository\org\junit\platform\junit-platform-engine\1.4.2\junit-platform-engine-1.4.2.jar;C:\Program Files\Java\javafx-sdk-11.0.2\lib\javafx-swt.jar;C:\Program Files\Java\javafx-sdk-11.0.2\lib\javafx.controls.jar;C:\Program Files\Java\javafx-sdk-11.0.2\lib\javafx.fxml.jar;C:\Program Files\Java\javafx-sdk-11.0.2\lib\javafx.media.jar;C:\Program Files\Java\javafx-sdk-11.0.2\lib\javafx.swing.jar;C:\Program Files\Java\javafx-sdk-11.0.2\lib\javafx.web.jar -Djdk.module.main=PIC16F84.Simulation PIC16F84.Simulation/GUI.Simulation_GUI

Host: AMD Ryzen 5 1600 Six-Core Processor            , 12 cores, 15G,  Windows 10 , 64 bit Build 18362 (10.0.18362.778)
Time: Wed Jun  3 04:34:42 2020 W. Europe Daylight Time elapsed time: 39 seconds (0d 0h 0m 39s)

---------------  T H R E A D  ---------------

Current thread (0x0000024263d41000):  JavaThread "QuantumRenderer-0" daemon [_thread_in_native, id=13064, stack(0x000000d031c00000,0x000000d031d00000)]

Stack: [0x000000d031c00000,0x000000d031d00000],  sp=0x000000d031cfb508,  free space=1005k
Native frames: (J=compiled Java code, j=interpreted, Vv=VM code, C=native code)
C  [dwrite.dll+0xb0510]

Java frames: (J=compiled Java code, j=interpreted, Vv=VM code)
J 4241  com.sun.javafx.font.directwrite.OS.EndDraw(J)I javafx.graphics (0 bytes) @ 0x000002424e76ab91 [0x000002424e76ab40+0x0000000000000051]
J 3174 c1 com.sun.javafx.font.directwrite.DWGlyph.getD2DMask(FFZ)[B javafx.graphics (674 bytes) @ 0x000002424767f594 [0x000002424767d740+0x0000000000001e54]
j  com.sun.javafx.font.directwrite.DWGlyph.getPixelData(I)[B+94 javafx.graphics
J 3335 c1 com.sun.prism.impl.GlyphCache.getCachedGlyph(II)Lcom/sun/prism/impl/GlyphCache$GlyphData; javafx.graphics (461 bytes) @ 0x00000242476c7cdc [0x00000242476c72e0+0x00000000000009fc]
J 3638 c1 com.sun.prism.impl.GlyphCache.render(Lcom/sun/prism/impl/BaseContext;Lcom/sun/javafx/scene/text/GlyphList;FFIILcom/sun/prism/paint/Color;Lcom/sun/prism/paint/Color;Lcom/sun/javafx/geom/transform/BaseTransform;Lcom/sun/javafx/geom/BaseBounds;)V javafx.graphics (326 bytes) @ 0x00000242477b7114 [0x00000242477b6620+0x0000000000000af4]
J 3636 c1 com.sun.prism.impl.ps.BaseShaderGraphics.drawString(Lcom/sun/javafx/scene/text/GlyphList;Lcom/sun/javafx/font/FontStrike;FFLcom/sun/prism/paint/Color;II)V javafx.graphics (818 bytes) @ 0x00000242477b3c94 [0x00000242477b08e0+0x00000000000033b4]
j  com.sun.javafx.sg.prism.NGText.renderText(Lcom/sun/prism/Graphics;Lcom/sun/javafx/font/FontStrike;Lcom/sun/javafx/geom/BaseBounds;Lcom/sun/prism/paint/Color;I)V+198 javafx.graphics
j  com.sun.javafx.sg.prism.NGText.renderContent2D(Lcom/sun/prism/Graphics;Z)V+238 javafx.graphics
j  com.sun.javafx.sg.prism.NGShape.renderContent(Lcom/sun/prism/Graphics;)V+454 javafx.graphics
J 3275 c1 com.sun.javafx.sg.prism.NGNode.doRender(Lcom/sun/prism/Graphics;)V javafx.graphics (473 bytes) @ 0x00000242476a7374 [0x00000242476a5900+0x0000000000001a74]
J 3263 c1 com.sun.javafx.sg.prism.NGNode.render(Lcom/sun/prism/Graphics;)V javafx.graphics (38 bytes) @ 0x00000242476a3ca4 [0x00000242476a3a00+0x00000000000002a4]
j  com.sun.javafx.sg.prism.NGGroup.renderContent(Lcom/sun/prism/Graphics;)V+151 javafx.graphics
j  com.sun.javafx.sg.prism.NGRegion.renderContent(Lcom/sun/prism/Graphics;)V+111 javafx.graphics
j  com.sun.javafx.sg.prism.NGNode.renderForClip(Lcom/sun/prism/Graphics;)V+17 javafx.graphics
j  com.sun.javafx.sg.prism.NGNode.renderRectClip(Lcom/sun/prism/Graphics;Lcom/sun/javafx/sg/prism/NGRectangle;)V+106 javafx.graphics
j  com.sun.javafx.sg.prism.NGNode.renderClip(Lcom/sun/prism/Graphics;)V+83 javafx.graphics
J 3275 c1 com.sun.javafx.sg.prism.NGNode.doRender(Lcom/sun/prism/Graphics;)V javafx.graphics (473 bytes) @ 0x00000242476a7054 [0x00000242476a5900+0x0000000000001754]
J 3263 c1 com.sun.javafx.sg.prism.NGNode.render(Lcom/sun/prism/Graphics;)V javafx.graphics (38 bytes) @ 0x00000242476a3ca4 [0x00000242476a3a00+0x00000000000002a4]
j  com.sun.javafx.sg.prism.NGGroup.renderContent(Lcom/sun/prism/Graphics;)V+151 javafx.graphics
j  com.sun.javafx.sg.prism.NGRegion.renderContent(Lcom/sun/prism/Graphics;)V+111 javafx.graphics
J 3275 c1 com.sun.javafx.sg.prism.NGNode.doRender(Lcom/sun/prism/Graphics;)V javafx.graphics (473 bytes) @ 0x00000242476a7374 [0x00000242476a5900+0x0000000000001a74]
J 3263 c1 com.sun.javafx.sg.prism.NGNode.render(Lcom/sun/prism/Graphics;)V javafx.graphics (38 bytes) @ 0x00000242476a3ca4 [0x00000242476a3a00+0x00000000000002a4]
j  com.sun.javafx.sg.prism.NGGroup.renderContent(Lcom/sun/prism/Graphics;)V+151 javafx.graphics
J 3275 c1 com.sun.javafx.sg.prism.NGNode.doRender(Lcom/sun/prism/Graphics;)V javafx.graphics (473 bytes) @ 0x00000242476a7374 [0x00000242476a5900+0x0000000000001a74]
J 3263 c1 com.sun.javafx.sg.prism.NGNode.render(Lcom/sun/prism/Graphics;)V javafx.graphics (38 bytes) @ 0x00000242476a3ca4 [0x00000242476a3a00+0x00000000000002a4]
j  com.sun.javafx.sg.prism.NGGroup.renderContent(Lcom/sun/prism/Graphics;)V+151 javafx.graphics
j  com.sun.javafx.sg.prism.NGRegion.renderContent(Lcom/sun/prism/Graphics;)V+111 javafx.graphics
j  com.sun.javafx.sg.prism.NGNode.renderForClip(Lcom/sun/prism/Graphics;)V+17 javafx.graphics
j  com.sun.javafx.sg.prism.NGNode.renderRectClip(Lcom/sun/prism/Graphics;Lcom/sun/javafx/sg/prism/NGRectangle;)V+106 javafx.graphics
j  com.sun.javafx.sg.prism.NGNode.renderClip(Lcom/sun/prism/Graphics;)V+83 javafx.graphics
J 3275 c1 com.sun.javafx.sg.prism.NGNode.doRender(Lcom/sun/prism/Graphics;)V javafx.graphics (473 bytes) @ 0x00000242476a7054 [0x00000242476a5900+0x0000000000001754]
J 3263 c1 com.sun.javafx.sg.prism.NGNode.render(Lcom/sun/prism/Graphics;)V javafx.graphics (38 bytes) @ 0x00000242476a3ca4 [0x00000242476a3a00+0x00000000000002a4]
j  com.sun.javafx.sg.prism.NGGroup.renderContent(Lcom/sun/prism/Graphics;)V+151 javafx.graphics
j  com.sun.javafx.sg.prism.NGRegion.renderContent(Lcom/sun/prism/Graphics;)V+111 javafx.graphics
J 3275 c1 com.sun.javafx.sg.prism.NGNode.doRender(Lcom/sun/prism/Graphics;)V javafx.graphics (473 bytes) @ 0x00000242476a7374 [0x00000242476a5900+0x0000000000001a74]
J 3263 c1 com.sun.javafx.sg.prism.NGNode.render(Lcom/sun/prism/Graphics;)V javafx.graphics (38 bytes) @ 0x00000242476a3ca4 [0x00000242476a3a00+0x00000000000002a4]
j  com.sun.javafx.sg.prism.NGGroup.renderContent(Lcom/sun/prism/Graphics;)V+151 javafx.graphics
j  com.sun.javafx.sg.prism.NGRegion.renderContent(Lcom/sun/prism/Graphics;)V+111 javafx.graphics
J 3275 c1 com.sun.javafx.sg.prism.NGNode.doRender(Lcom/sun/prism/Graphics;)V javafx.graphics (473 bytes) @ 0x00000242476a7374 [0x00000242476a5900+0x0000000000001a74]
J 3263 c1 com.sun.javafx.sg.prism.NGNode.render(Lcom/sun/prism/Graphics;)V javafx.graphics (38 bytes) @ 0x00000242476a3ca4 [0x00000242476a3a00+0x00000000000002a4]
j  com.sun.javafx.sg.prism.NGGroup.renderContent(Lcom/sun/prism/Graphics;)V+151 javafx.graphics
j  com.sun.javafx.sg.prism.NGRegion.renderContent(Lcom/sun/prism/Graphics;)V+111 javafx.graphics
J 3275 c1 com.sun.javafx.sg.prism.NGNode.doRender(Lcom/sun/prism/Graphics;)V javafx.graphics (473 bytes) @ 0x00000242476a7374 [0x00000242476a5900+0x0000000000001a74]
J 3263 c1 com.sun.javafx.sg.prism.NGNode.render(Lcom/sun/prism/Graphics;)V javafx.graphics (38 bytes) @ 0x00000242476a3ca4 [0x00000242476a3a00+0x00000000000002a4]
j  com.sun.javafx.sg.prism.NGGroup.renderContent(Lcom/sun/prism/Graphics;)V+151 javafx.graphics
j  com.sun.javafx.sg.prism.NGRegion.renderContent(Lcom/sun/prism/Graphics;)V+111 javafx.graphics
J 3275 c1 com.sun.javafx.sg.prism.NGNode.doRender(Lcom/sun/prism/Graphics;)V javafx.graphics (473 bytes) @ 0x00000242476a7374 [0x00000242476a5900+0x0000000000001a74]
J 3263 c1 com.sun.javafx.sg.prism.NGNode.render(Lcom/sun/prism/Graphics;)V javafx.graphics (38 bytes) @ 0x00000242476a3ca4 [0x00000242476a3a00+0x00000000000002a4]
j  com.sun.javafx.sg.prism.NGGroup.renderContent(Lcom/sun/prism/Graphics;)V+151 javafx.graphics
j  com.sun.javafx.sg.prism.NGRegion.renderContent(Lcom/sun/prism/Graphics;)V+111 javafx.graphics
J 3275 c1 com.sun.javafx.sg.prism.NGNode.doRender(Lcom/sun/prism/Graphics;)V javafx.graphics (473 bytes) @ 0x00000242476a7374 [0x00000242476a5900+0x0000000000001a74]
J 3263 c1 com.sun.javafx.sg.prism.NGNode.render(Lcom/sun/prism/Graphics;)V javafx.graphics (38 bytes) @ 0x00000242476a3ca4 [0x00000242476a3a00+0x00000000000002a4]
j  com.sun.javafx.tk.quantum.ViewPainter.doPaint(Lcom/sun/prism/Graphics;Lcom/sun/javafx/sg/prism/NodePath;)V+201 javafx.graphics
j  com.sun.javafx.tk.quantum.ViewPainter.paintImpl(Lcom/sun/prism/Graphics;)V+932 javafx.graphics
j  com.sun.javafx.tk.quantum.PresentingPainter.run()V+326 javafx.graphics
j  java.util.concurrent.Executors$RunnableAdapter.call()Ljava/lang/Object;+4 java.base@11.0.2
j  java.util.concurrent.FutureTask.runAndReset$$$capture()Z+44 java.base@11.0.2
j  java.util.concurrent.FutureTask.runAndReset()Z+5 java.base@11.0.2
j  com.sun.javafx.tk.RenderJob.run()V+1 javafx.graphics
j  java.util.concurrent.ThreadPoolExecutor.runWorker(Ljava/util/concurrent/ThreadPoolExecutor$Worker;)V+92 java.base@11.0.2
j  java.util.concurrent.ThreadPoolExecutor$Worker.run()V+5 java.base@11.0.2
j  com.sun.javafx.tk.quantum.QuantumRenderer$PipelineRunnable.run()V+8 javafx.graphics
j  java.lang.Thread.run()V+11 java.base@11.0.2
v  ~StubRoutines::call_stub

siginfo: EXCEPTION_ACCESS_VIOLATION (0xc0000005), reading address 0xffffffffffffffff


Register to memory mapping:

RIP=0x00007ffad9550510 dwrite.dll
RAX=0x2248ef6f6d85cd83 is an unknown value
RBX=0x000002426923e8e0 points into unknown readable memory: d8 94 65 d9 fa 7f 00 00
RCX=0x000002426923e5d0 points into unknown readable memory: b0 93 2d 69 42 02 00 00
RDX=0x0000024269245f20 points into unknown readable memory: 00 00 00 00 00 00 00 00
RSP=0x000000d031cfb508 is pointing into the stack for thread: 0x0000024263d41000
RBP=0x000000d031cfb5d0 is pointing into the stack for thread: 0x0000024263d41000
RSI=0x0 is NULL
RDI=0x000002426923e8e0 points into unknown readable memory: d8 94 65 d9 fa 7f 00 00
R8 =0x00000000ffffffff is an unknown value
R9 =0xffffffff00000000 is an unknown value
R10=0x000000000000ffff is an unknown value
R11=0x000000d031cfb3d0 is pointing into the stack for thread: 0x0000024263d41000
R12=0x0 is NULL
R13=0x0000000000000003 is an unknown value
R14=0x0 is NULL
R15=0x0 is NULL


Registers:
RAX=0x2248ef6f6d85cd83, RBX=0x000002426923e8e0, RCX=0x000002426923e5d0, RDX=0x0000024269245f20
RSP=0x000000d031cfb508, RBP=0x000000d031cfb5d0, RSI=0x0000000000000000, RDI=0x000002426923e8e0
R8 =0x00000000ffffffff, R9 =0xffffffff00000000, R10=0x000000000000ffff, R11=0x000000d031cfb3d0
R12=0x0000000000000000, R13=0x0000000000000003, R14=0x0000000000000000, R15=0x0000000000000000
RIP=0x00007ffad9550510, EFLAGS=0x0000000000010202

Top of Stack: (sp=0x000000d031cfb508)
0x000000d031cfb508:   00007ffad94cc3fa 000002426924e110
0x000000d031cfb518:   00007ffaefc4f98f 000002426927a0e0
0x000000d031cfb528:   000002426927a0e0 000002423deeeb40
0x000000d031cfb538:   00007ffad94cc36c 0000000000000000
0x000000d031cfb548:   0000000000000000 000002423deeeb40
0x000000d031cfb558:   0000000000000000 000002426923c280
0x000000d031cfb568:   00007ffaefcb2159 0000000000000000
0x000000d031cfb578:   000002426924fb90 000000d031cfb5d0
0x000000d031cfb588:   0000001a00000057 000000d031cfb5c0
0x000000d031cfb598:   000000d031cfb610 000000d031cfb600
0x000000d031cfb5a8:   000000d031cfb6a0 0000000000000000
0x000000d031cfb5b8:   0000000000000000 0000000000000000
0x000000d031cfb5c8:   000002426924fb70 000000d031cfb6b0
0x000000d031cfb5d8:   0000000000000000 000000d031cfb6b8
0x000000d031cfb5e8:   000002426924fb88 0000000000000000
0x000000d031cfb5f8:   00007ffaefc4f4c6 000002426923c301 

Instructions: (pc=0x00007ffad9550510)
0x00007ffad95504f0:   9c 07 11 00 cc cc cc cc cc cc cc cc cc cc cc cc
0x00007ffad9550500:   cc cc cc cc cc cc 66 66 0f 1f 84 00 00 00 00 00
0x00007ffad9550510:   ff e0 cc cc cc cc cc cc cc cc cc cc cc cc cc cc
0x00007ffad9550520:   cc cc cc cc cc cc 66 66 0f 1f 84 00 00 00 00 00 


Stack slot to memory mapping:
stack at sp + 0 slots: 0x00007ffad94cc3fa dwrite.dll
stack at sp + 1 slots: 0x000002426924e110 points into unknown readable memory: 88 54 ee ef fa 7f 00 00
stack at sp + 2 slots: 0x00007ffaefc4f98f points into unknown readable memory: 48
stack at sp + 3 slots: 0x000002426927a0e0 points into unknown readable memory: b8 97 ed ef fa 7f 00 00
stack at sp + 4 slots: 0x000002426927a0e0 points into unknown readable memory: b8 97 ed ef fa 7f 00 00
stack at sp + 5 slots: 0x000002423deeeb40 points into unknown readable memory: ff ff ff ff ff ff ff ff
stack at sp + 6 slots: 0x00007ffad94cc36c dwrite.dll
stack at sp + 7 slots: 0x0 is NULL


---------------  P R O C E S S  ---------------

Threads class SMR info:
_java_thread_list=0x00000242648b5fe0, length=23, elements={
0x000002423e71e800, 0x00000242624c3800, 0x00000242624c7800, 0x0000024262dd6800,
0x0000024262dd7800, 0x0000024262dd9000, 0x0000024262ddc000, 0x00000242624cd800,
0x000002426247f800, 0x0000024263ef8800, 0x00000242633b2800, 0x0000024263d41000,
0x000002426382a800, 0x00000242642df800, 0x00000242642d1000, 0x0000024263df5000,
0x000002426d299800, 0x000002426e21f800, 0x000002426d4d2000, 0x000002426bad5000,
0x000002426c48e800, 0x000002426e850800, 0x000002426bad6000
}

Java Threads: ( => current thread )
  0x000002423e71e800 JavaThread "main" [_thread_blocked, id=30908, stack(0x000000d030600000,0x000000d030700000)]
  0x00000242624c3800 JavaThread "Reference Handler" daemon [_thread_blocked, id=31364, stack(0x000000d030d00000,0x000000d030e00000)]
  0x00000242624c7800 JavaThread "Finalizer" daemon [_thread_blocked, id=25828, stack(0x000000d030e00000,0x000000d030f00000)]
  0x0000024262dd6800 JavaThread "Signal Dispatcher" daemon [_thread_blocked, id=22040, stack(0x000000d030f00000,0x000000d031000000)]
  0x0000024262dd7800 JavaThread "Attach Listener" daemon [_thread_blocked, id=29496, stack(0x000000d031000000,0x000000d031100000)]
  0x0000024262dd9000 JavaThread "C2 CompilerThread0" daemon [_thread_in_native, id=32116, stack(0x000000d031100000,0x000000d031200000)]
  0x0000024262ddc000 JavaThread "C1 CompilerThread0" daemon [_thread_blocked, id=12368, stack(0x000000d031200000,0x000000d031300000)]
  0x00000242624cd800 JavaThread "Sweeper thread" daemon [_thread_blocked, id=5896, stack(0x000000d031300000,0x000000d031400000)]
  0x000002426247f800 JavaThread "Common-Cleaner" daemon [_thread_blocked, id=27124, stack(0x000000d031400000,0x000000d031500000)]
  0x0000024263ef8800 JavaThread "JDWP Event Helper Thread" daemon [_thread_blocked, id=15388, stack(0x000000d031800000,0x000000d031900000)]
  0x00000242633b2800 JavaThread "Service Thread" daemon [_thread_blocked, id=28692, stack(0x000000d031a00000,0x000000d031b00000)]
=>0x0000024263d41000 JavaThread "QuantumRenderer-0" daemon [_thread_in_native, id=13064, stack(0x000000d031c00000,0x000000d031d00000)]
  0x000002426382a800 JavaThread "InvokeLaterDispatcher" daemon [_thread_blocked, id=6740, stack(0x000000d031e00000,0x000000d031f00000)]
  0x00000242642df800 JavaThread "JavaFX Application Thread" [_thread_blocked, id=13220, stack(0x000000d031f00000,0x000000d032000000)]
  0x00000242642d1000 JavaThread "Thread-1" daemon [_thread_in_native, id=24496, stack(0x000000d032110000,0x000000d032210000)]
  0x0000024263df5000 JavaThread "JavaFX-Launcher" [_thread_blocked, id=28684, stack(0x000000d032210000,0x000000d032310000)]
  0x000002426d299800 JavaThread "Prism Font Disposer" daemon [_thread_blocked, id=12256, stack(0x000000d032d10000,0x000000d032e10000)]
  0x000002426e21f800 JavaThread "Cleaner-0" daemon [_thread_blocked, id=32460, stack(0x000000d033210000,0x000000d033310000)]
  0x000002426d4d2000 JavaThread "Thread-4" [_thread_blocked, id=32736, stack(0x000000d033c20000,0x000000d033d20000)]
  0x000002426bad5000 JavaThread "Thread-5" daemon [_thread_blocked, id=24360, stack(0x000000d033d20000,0x000000d033e20000)]
  0x000002426c48e800 JavaThread "C2 CompilerThread1" daemon [_thread_in_native, id=29800, stack(0x000000d031500000,0x000000d031600000)]
  0x000002426e850800 JavaThread "C2 CompilerThread2" daemon [_thread_blocked, id=3632, stack(0x000000d031700000,0x000000d031800000)]
  0x000002426bad6000 JavaThread "SIGINT handler" daemon [_thread_blocked, id=8236, stack(0x000000d031900000,0x000000d031a00000)]

Other Threads:
  0x00000242624c1800 VMThread "VM Thread" [stack: 0x000000d030c00000,0x000000d030d00000] [id=24456]
  0x0000024264041800 WatcherThread [stack: 0x000000d031b00000,0x000000d031c00000] [id=11932]
  0x000002423e735800 GCTaskThread "GC Thread#0" [stack: 0x000000d030700000,0x000000d030800000] [id=6660]
  0x0000024264451000 GCTaskThread "GC Thread#1" [stack: 0x000000d032310000,0x000000d032410000] [id=15960]
  0x0000024263de6000 GCTaskThread "GC Thread#2" [stack: 0x000000d032410000,0x000000d032510000] [id=26612]
  0x0000024263de7000 GCTaskThread "GC Thread#3" [stack: 0x000000d032510000,0x000000d032610000] [id=17608]
  0x0000024263de8000 GCTaskThread "GC Thread#4" [stack: 0x000000d032610000,0x000000d032710000] [id=27516]
  0x0000024263de9000 GCTaskThread "GC Thread#5" [stack: 0x000000d032710000,0x000000d032810000] [id=18160]
  0x000002426e658800 GCTaskThread "GC Thread#6" [stack: 0x000000d033e20000,0x000000d033f20000] [id=12072]
  0x000002426bd26800 GCTaskThread "GC Thread#7" [stack: 0x000000d033f20000,0x000000d034020000] [id=28880]
  0x000002423e795000 ConcurrentGCThread "G1 Main Marker" [stack: 0x000000d030800000,0x000000d030900000] [id=15428]
  0x000002423e796800 ConcurrentGCThread "G1 Conc#0" [stack: 0x000000d030900000,0x000000d030a00000] [id=17760]
  0x000002426e05f000 ConcurrentGCThread "G1 Conc#1" [stack: 0x000000d032b10000,0x000000d032c10000] [id=6656]
  0x000002426e0a4800 ConcurrentGCThread "G1 Conc#2" [stack: 0x000000d032c10000,0x000000d032d10000] [id=9900]
  0x00000242623a8000 ConcurrentGCThread "G1 Refine#0" [stack: 0x000000d030a00000,0x000000d030b00000] [id=4764]
  0x00000242623a9000 ConcurrentGCThread "G1 Young RemSet Sampling" [stack: 0x000000d030b00000,0x000000d030c00000] [id=28424]

Threads with active compile tasks:
C2 CompilerThread14190       4       javafx.scene.CssStyleHelper::lookupFont (1234 bytes)

VM state:not at safepoint (normal execution)

VM Mutex/Monitor currently owned by a thread: None

Heap address: 0x0000000701000000, size: 4080 MB, Compressed Oops mode: Zero based, Oop shift amount: 3
Narrow klass base: 0x0000000800000000, Narrow klass shift: 0
Compressed class space size: 1073741824 Address: 0x0000000800000000

Heap:
 garbage-first heap   total 262144K, used 35354K [0x0000000701000000, 0x0000000800000000)
  region size 1024K, 27 young (27648K), 8 survivors (8192K)
 Metaspace       used 28700K, capacity 30173K, committed 30208K, reserved 1075200K
  class space    used 3703K, capacity 4324K, committed 4352K, reserved 1048576K
Heap Regions: E=young(eden), S=young(survivor), O=old, HS=humongous(starts), HC=humongous(continues), CS=collection set, F=free, A=archive, TAMS=top-at-mark-start (previous, next)
|   0|0x0000000701000000, 0x0000000701100000, 0x0000000701100000|100%|HS|  |TAMS 0x0000000701000000, 0x0000000701000000| Complete 
|   1|0x0000000701100000, 0x0000000701200000, 0x0000000701200000|100%|HC|  |TAMS 0x0000000701100000, 0x0000000701100000| Complete 
|   2|0x0000000701200000, 0x0000000701300000, 0x0000000701300000|100%| O|  |TAMS 0x0000000701200000, 0x0000000701200000| Untracked 
|   3|0x0000000701300000, 0x0000000701400000, 0x0000000701400000|100%| O|  |TAMS 0x0000000701300000, 0x0000000701300000| Untracked 
|   4|0x0000000701400000, 0x0000000701500000, 0x0000000701500000|100%| O|  |TAMS 0x0000000701400000, 0x0000000701400000| Untracked 
|   5|0x0000000701500000, 0x0000000701600000, 0x0000000701600000|100%| O|  |TAMS 0x0000000701500000, 0x0000000701500000| Untracked 
|   6|0x0000000701600000, 0x0000000701700000, 0x0000000701700000|100%| O|  |TAMS 0x0000000701600000, 0x0000000701600000| Untracked 
|   7|0x0000000701700000, 0x0000000701800000, 0x0000000701800000|100%| O|  |TAMS 0x0000000701700000, 0x0000000701700000| Untracked 
|   8|0x0000000701800000, 0x000000070189e400, 0x0000000701900000| 61%| O|  |TAMS 0x0000000701800000, 0x0000000701800000| Untracked 
|   9|0x0000000701900000, 0x0000000701900000, 0x0000000701a00000|  0%| F|  |TAMS 0x0000000701900000, 0x0000000701900000| Untracked 
|  10|0x0000000701a00000, 0x0000000701a00000, 0x0000000701b00000|  0%| F|  |TAMS 0x0000000701a00000, 0x0000000701a00000| Untracked 
|  11|0x0000000701b00000, 0x0000000701b00000, 0x0000000701c00000|  0%| F|  |TAMS 0x0000000701b00000, 0x0000000701b00000| Untracked 
|  12|0x0000000701c00000, 0x0000000701c00000, 0x0000000701d00000|  0%| F|  |TAMS 0x0000000701c00000, 0x0000000701c00000| Untracked 
|  13|0x0000000701d00000, 0x0000000701d00000, 0x0000000701e00000|  0%| F|  |TAMS 0x0000000701d00000, 0x0000000701d00000| Untracked 
|  14|0x0000000701e00000, 0x0000000701e00000, 0x0000000701f00000|  0%| F|  |TAMS 0x0000000701e00000, 0x0000000701e00000| Untracked 
|  15|0x0000000701f00000, 0x0000000701f00000, 0x0000000702000000|  0%| F|  |TAMS 0x0000000701f00000, 0x0000000701f00000| Untracked 
|  16|0x0000000702000000, 0x0000000702000000, 0x0000000702100000|  0%| F|  |TAMS 0x0000000702000000, 0x0000000702000000| Untracked 
|  17|0x0000000702100000, 0x0000000702100000, 0x0000000702200000|  0%| F|  |TAMS 0x0000000702100000, 0x0000000702100000| Untracked 
|  18|0x0000000702200000, 0x0000000702200000, 0x0000000702300000|  0%| F|  |TAMS 0x0000000702200000, 0x0000000702200000| Untracked 
|  19|0x0000000702300000, 0x0000000702300000, 0x0000000702400000|  0%| F|  |TAMS 0x0000000702300000, 0x0000000702300000| Untracked 
|  20|0x0000000702400000, 0x0000000702400000, 0x0000000702500000|  0%| F|  |TAMS 0x0000000702400000, 0x0000000702400000| Untracked 
|  21|0x0000000702500000, 0x0000000702500000, 0x0000000702600000|  0%| F|  |TAMS 0x0000000702500000, 0x0000000702500000| Untracked 
|  22|0x0000000702600000, 0x0000000702600000, 0x0000000702700000|  0%| F|  |TAMS 0x0000000702600000, 0x0000000702600000| Untracked 
|  23|0x0000000702700000, 0x0000000702700000, 0x0000000702800000|  0%| F|  |TAMS 0x0000000702700000, 0x0000000702700000| Untracked 
|  24|0x0000000702800000, 0x0000000702800000, 0x0000000702900000|  0%| F|  |TAMS 0x0000000702800000, 0x0000000702800000| Untracked 
|  25|0x0000000702900000, 0x0000000702900000, 0x0000000702a00000|  0%| F|  |TAMS 0x0000000702900000, 0x0000000702900000| Untracked 
|  26|0x0000000702a00000, 0x0000000702a00000, 0x0000000702b00000|  0%| F|  |TAMS 0x0000000702a00000, 0x0000000702a00000| Untracked 
|  27|0x0000000702b00000, 0x0000000702b00000, 0x0000000702c00000|  0%| F|  |TAMS 0x0000000702b00000, 0x0000000702b00000| Untracked 
|  28|0x0000000702c00000, 0x0000000702c00000, 0x0000000702d00000|  0%| F|  |TAMS 0x0000000702c00000, 0x0000000702c00000| Untracked 
|  29|0x0000000702d00000, 0x0000000702d00000, 0x0000000702e00000|  0%| F|  |TAMS 0x0000000702d00000, 0x0000000702d00000| Untracked 
|  30|0x0000000702e00000, 0x0000000702e00000, 0x0000000702f00000|  0%| F|  |TAMS 0x0000000702e00000, 0x0000000702e00000| Untracked 
|  31|0x0000000702f00000, 0x0000000702f00000, 0x0000000703000000|  0%| F|  |TAMS 0x0000000702f00000, 0x0000000702f00000| Untracked 
|  32|0x0000000703000000, 0x0000000703000000, 0x0000000703100000|  0%| F|  |TAMS 0x0000000703000000, 0x0000000703000000| Untracked 
|  33|0x0000000703100000, 0x0000000703100000, 0x0000000703200000|  0%| F|  |TAMS 0x0000000703100000, 0x0000000703100000| Untracked 
|  34|0x0000000703200000, 0x0000000703200000, 0x0000000703300000|  0%| F|  |TAMS 0x0000000703200000, 0x0000000703200000| Untracked 
|  35|0x0000000703300000, 0x0000000703300000, 0x0000000703400000|  0%| F|  |TAMS 0x0000000703300000, 0x0000000703300000| Untracked 
|  36|0x0000000703400000, 0x0000000703400000, 0x0000000703500000|  0%| F|  |TAMS 0x0000000703400000, 0x0000000703400000| Untracked 
|  37|0x0000000703500000, 0x0000000703500000, 0x0000000703600000|  0%| F|  |TAMS 0x0000000703500000, 0x0000000703500000| Untracked 
|  38|0x0000000703600000, 0x0000000703600000, 0x0000000703700000|  0%| F|  |TAMS 0x0000000703600000, 0x0000000703600000| Untracked 
|  39|0x0000000703700000, 0x0000000703700000, 0x0000000703800000|  0%| F|  |TAMS 0x0000000703700000, 0x0000000703700000| Untracked 
|  40|0x0000000703800000, 0x0000000703800000, 0x0000000703900000|  0%| F|  |TAMS 0x0000000703800000, 0x0000000703800000| Untracked 
|  41|0x0000000703900000, 0x0000000703900000, 0x0000000703a00000|  0%| F|  |TAMS 0x0000000703900000, 0x0000000703900000| Untracked 
|  42|0x0000000703a00000, 0x0000000703a00000, 0x0000000703b00000|  0%| F|  |TAMS 0x0000000703a00000, 0x0000000703a00000| Untracked 
|  43|0x0000000703b00000, 0x0000000703b00000, 0x0000000703c00000|  0%| F|  |TAMS 0x0000000703b00000, 0x0000000703b00000| Untracked 
|  44|0x0000000703c00000, 0x0000000703c00000, 0x0000000703d00000|  0%| F|  |TAMS 0x0000000703c00000, 0x0000000703c00000| Untracked 
|  45|0x0000000703d00000, 0x0000000703d00000, 0x0000000703e00000|  0%| F|  |TAMS 0x0000000703d00000, 0x0000000703d00000| Untracked 
|  46|0x0000000703e00000, 0x0000000703e00000, 0x0000000703f00000|  0%| F|  |TAMS 0x0000000703e00000, 0x0000000703e00000| Untracked 
|  47|0x0000000703f00000, 0x0000000703f00000, 0x0000000704000000|  0%| F|  |TAMS 0x0000000703f00000, 0x0000000703f00000| Untracked 
|  48|0x0000000704000000, 0x0000000704000000, 0x0000000704100000|  0%| F|  |TAMS 0x0000000704000000, 0x0000000704000000| Untracked 
|  49|0x0000000704100000, 0x0000000704100000, 0x0000000704200000|  0%| F|  |TAMS 0x0000000704100000, 0x0000000704100000| Untracked 
|  50|0x0000000704200000, 0x0000000704200000, 0x0000000704300000|  0%| F|  |TAMS 0x0000000704200000, 0x0000000704200000| Untracked 
|  51|0x0000000704300000, 0x0000000704300000, 0x0000000704400000|  0%| F|  |TAMS 0x0000000704300000, 0x0000000704300000| Untracked 
|  52|0x0000000704400000, 0x0000000704400000, 0x0000000704500000|  0%| F|  |TAMS 0x0000000704400000, 0x0000000704400000| Untracked 
|  53|0x0000000704500000, 0x0000000704500000, 0x0000000704600000|  0%| F|  |TAMS 0x0000000704500000, 0x0000000704500000| Untracked 
|  54|0x0000000704600000, 0x0000000704600000, 0x0000000704700000|  0%| F|  |TAMS 0x0000000704600000, 0x0000000704600000| Untracked 
|  55|0x0000000704700000, 0x0000000704700000, 0x0000000704800000|  0%| F|  |TAMS 0x0000000704700000, 0x0000000704700000| Untracked 
|  56|0x0000000704800000, 0x0000000704800000, 0x0000000704900000|  0%| F|  |TAMS 0x0000000704800000, 0x0000000704800000| Untracked 
|  57|0x0000000704900000, 0x0000000704900000, 0x0000000704a00000|  0%| F|  |TAMS 0x0000000704900000, 0x0000000704900000| Untracked 
|  58|0x0000000704a00000, 0x0000000704a00000, 0x0000000704b00000|  0%| F|  |TAMS 0x0000000704a00000, 0x0000000704a00000| Untracked 
|  59|0x0000000704b00000, 0x0000000704b00000, 0x0000000704c00000|  0%| F|  |TAMS 0x0000000704b00000, 0x0000000704b00000| Untracked 
|  60|0x0000000704c00000, 0x0000000704c00000, 0x0000000704d00000|  0%| F|  |TAMS 0x0000000704c00000, 0x0000000704c00000| Untracked 
|  61|0x0000000704d00000, 0x0000000704d00000, 0x0000000704e00000|  0%| F|  |TAMS 0x0000000704d00000, 0x0000000704d00000| Untracked 
|  62|0x0000000704e00000, 0x0000000704e00000, 0x0000000704f00000|  0%| F|  |TAMS 0x0000000704e00000, 0x0000000704e00000| Untracked 
|  63|0x0000000704f00000, 0x0000000704f00000, 0x0000000705000000|  0%| F|  |TAMS 0x0000000704f00000, 0x0000000704f00000| Untracked 
|  64|0x0000000705000000, 0x0000000705000000, 0x0000000705100000|  0%| F|  |TAMS 0x0000000705000000, 0x0000000705000000| Untracked 
|  65|0x0000000705100000, 0x0000000705100000, 0x0000000705200000|  0%| F|  |TAMS 0x0000000705100000, 0x0000000705100000| Untracked 
|  66|0x0000000705200000, 0x0000000705200000, 0x0000000705300000|  0%| F|  |TAMS 0x0000000705200000, 0x0000000705200000| Untracked 
|  67|0x0000000705300000, 0x0000000705300000, 0x0000000705400000|  0%| F|  |TAMS 0x0000000705300000, 0x0000000705300000| Untracked 
|  68|0x0000000705400000, 0x0000000705400000, 0x0000000705500000|  0%| F|  |TAMS 0x0000000705400000, 0x0000000705400000| Untracked 
|  69|0x0000000705500000, 0x0000000705500000, 0x0000000705600000|  0%| F|  |TAMS 0x0000000705500000, 0x0000000705500000| Untracked 
|  70|0x0000000705600000, 0x0000000705600000, 0x0000000705700000|  0%| F|  |TAMS 0x0000000705600000, 0x0000000705600000| Untracked 
|  71|0x0000000705700000, 0x0000000705700000, 0x0000000705800000|  0%| F|  |TAMS 0x0000000705700000, 0x0000000705700000| Untracked 
|  72|0x0000000705800000, 0x0000000705800000, 0x0000000705900000|  0%| F|  |TAMS 0x0000000705800000, 0x0000000705800000| Untracked 
|  73|0x0000000705900000, 0x0000000705900000, 0x0000000705a00000|  0%| F|  |TAMS 0x0000000705900000, 0x0000000705900000| Untracked 
|  74|0x0000000705a00000, 0x0000000705a00000, 0x0000000705b00000|  0%| F|  |TAMS 0x0000000705a00000, 0x0000000705a00000| Untracked 
|  75|0x0000000705b00000, 0x0000000705b00000, 0x0000000705c00000|  0%| F|  |TAMS 0x0000000705b00000, 0x0000000705b00000| Untracked 
|  76|0x0000000705c00000, 0x0000000705c00000, 0x0000000705d00000|  0%| F|  |TAMS 0x0000000705c00000, 0x0000000705c00000| Untracked 
|  77|0x0000000705d00000, 0x0000000705d00000, 0x0000000705e00000|  0%| F|  |TAMS 0x0000000705d00000, 0x0000000705d00000| Untracked 
|  78|0x0000000705e00000, 0x0000000705e00000, 0x0000000705f00000|  0%| F|  |TAMS 0x0000000705e00000, 0x0000000705e00000| Untracked 
|  79|0x0000000705f00000, 0x0000000705f00000, 0x0000000706000000|  0%| F|  |TAMS 0x0000000705f00000, 0x0000000705f00000| Untracked 
|  80|0x0000000706000000, 0x0000000706000000, 0x0000000706100000|  0%| F|  |TAMS 0x0000000706000000, 0x0000000706000000| Untracked 
|  81|0x0000000706100000, 0x0000000706100000, 0x0000000706200000|  0%| F|  |TAMS 0x0000000706100000, 0x0000000706100000| Untracked 
|  82|0x0000000706200000, 0x0000000706200000, 0x0000000706300000|  0%| F|  |TAMS 0x0000000706200000, 0x0000000706200000| Untracked 
|  83|0x0000000706300000, 0x0000000706300000, 0x0000000706400000|  0%| F|  |TAMS 0x0000000706300000, 0x0000000706300000| Untracked 
|  84|0x0000000706400000, 0x0000000706400000, 0x0000000706500000|  0%| F|  |TAMS 0x0000000706400000, 0x0000000706400000| Untracked 
|  85|0x0000000706500000, 0x0000000706500000, 0x0000000706600000|  0%| F|  |TAMS 0x0000000706500000, 0x0000000706500000| Untracked 
|  86|0x0000000706600000, 0x0000000706600000, 0x0000000706700000|  0%| F|  |TAMS 0x0000000706600000, 0x0000000706600000| Untracked 
|  87|0x0000000706700000, 0x0000000706700000, 0x0000000706800000|  0%| F|  |TAMS 0x0000000706700000, 0x0000000706700000| Untracked 
|  88|0x0000000706800000, 0x0000000706800000, 0x0000000706900000|  0%| F|  |TAMS 0x0000000706800000, 0x0000000706800000| Untracked 
|  89|0x0000000706900000, 0x0000000706900000, 0x0000000706a00000|  0%| F|  |TAMS 0x0000000706900000, 0x0000000706900000| Untracked 
|  90|0x0000000706a00000, 0x0000000706a00000, 0x0000000706b00000|  0%| F|  |TAMS 0x0000000706a00000, 0x0000000706a00000| Untracked 
|  91|0x0000000706b00000, 0x0000000706b00000, 0x0000000706c00000|  0%| F|  |TAMS 0x0000000706b00000, 0x0000000706b00000| Untracked 
|  92|0x0000000706c00000, 0x0000000706c00000, 0x0000000706d00000|  0%| F|  |TAMS 0x0000000706c00000, 0x0000000706c00000| Untracked 
|  93|0x0000000706d00000, 0x0000000706d00000, 0x0000000706e00000|  0%| F|  |TAMS 0x0000000706d00000, 0x0000000706d00000| Untracked 
|  94|0x0000000706e00000, 0x0000000706e00000, 0x0000000706f00000|  0%| F|  |TAMS 0x0000000706e00000, 0x0000000706e00000| Untracked 
|  95|0x0000000706f00000, 0x0000000706f00000, 0x0000000707000000|  0%| F|  |TAMS 0x0000000706f00000, 0x0000000706f00000| Untracked 
|  96|0x0000000707000000, 0x0000000707000000, 0x0000000707100000|  0%| F|  |TAMS 0x0000000707000000, 0x0000000707000000| Untracked 
|  97|0x0000000707100000, 0x0000000707100000, 0x0000000707200000|  0%| F|  |TAMS 0x0000000707100000, 0x0000000707100000| Untracked 
|  98|0x0000000707200000, 0x0000000707200000, 0x0000000707300000|  0%| F|  |TAMS 0x0000000707200000, 0x0000000707200000| Untracked 
|  99|0x0000000707300000, 0x0000000707300000, 0x0000000707400000|  0%| F|  |TAMS 0x0000000707300000, 0x0000000707300000| Untracked 
| 100|0x0000000707400000, 0x0000000707400000, 0x0000000707500000|  0%| F|  |TAMS 0x0000000707400000, 0x0000000707400000| Untracked 
| 101|0x0000000707500000, 0x0000000707500000, 0x0000000707600000|  0%| F|  |TAMS 0x0000000707500000, 0x0000000707500000| Untracked 
| 102|0x0000000707600000, 0x0000000707600000, 0x0000000707700000|  0%| F|  |TAMS 0x0000000707600000, 0x0000000707600000| Untracked 
| 103|0x0000000707700000, 0x0000000707700000, 0x0000000707800000|  0%| F|  |TAMS 0x0000000707700000, 0x0000000707700000| Untracked 
| 104|0x0000000707800000, 0x0000000707800000, 0x0000000707900000|  0%| F|  |TAMS 0x0000000707800000, 0x0000000707800000| Untracked 
| 105|0x0000000707900000, 0x0000000707900000, 0x0000000707a00000|  0%| F|  |TAMS 0x0000000707900000, 0x0000000707900000| Untracked 
| 106|0x0000000707a00000, 0x0000000707a00000, 0x0000000707b00000|  0%| F|  |TAMS 0x0000000707a00000, 0x0000000707a00000| Untracked 
| 107|0x0000000707b00000, 0x0000000707b00000, 0x0000000707c00000|  0%| F|  |TAMS 0x0000000707b00000, 0x0000000707b00000| Untracked 
| 108|0x0000000707c00000, 0x0000000707c00000, 0x0000000707d00000|  0%| F|  |TAMS 0x0000000707c00000, 0x0000000707c00000| Untracked 
| 109|0x0000000707d00000, 0x0000000707d00000, 0x0000000707e00000|  0%| F|  |TAMS 0x0000000707d00000, 0x0000000707d00000| Untracked 
| 110|0x0000000707e00000, 0x0000000707e00000, 0x0000000707f00000|  0%| F|  |TAMS 0x0000000707e00000, 0x0000000707e00000| Untracked 
| 111|0x0000000707f00000, 0x0000000707f00000, 0x0000000708000000|  0%| F|  |TAMS 0x0000000707f00000, 0x0000000707f00000| Untracked 
| 112|0x0000000708000000, 0x0000000708000000, 0x0000000708100000|  0%| F|  |TAMS 0x0000000708000000, 0x0000000708000000| Untracked 
| 113|0x0000000708100000, 0x0000000708100000, 0x0000000708200000|  0%| F|  |TAMS 0x0000000708100000, 0x0000000708100000| Untracked 
| 114|0x0000000708200000, 0x0000000708200000, 0x0000000708300000|  0%| F|  |TAMS 0x0000000708200000, 0x0000000708200000| Untracked 
| 115|0x0000000708300000, 0x0000000708300000, 0x0000000708400000|  0%| F|  |TAMS 0x0000000708300000, 0x0000000708300000| Untracked 
| 116|0x0000000708400000, 0x0000000708400000, 0x0000000708500000|  0%| F|  |TAMS 0x0000000708400000, 0x0000000708400000| Untracked 
| 117|0x0000000708500000, 0x0000000708500000, 0x0000000708600000|  0%| F|  |TAMS 0x0000000708500000, 0x0000000708500000| Untracked 
| 118|0x0000000708600000, 0x0000000708600000, 0x0000000708700000|  0%| F|  |TAMS 0x0000000708600000, 0x0000000708600000| Untracked 
| 119|0x0000000708700000, 0x0000000708700000, 0x0000000708800000|  0%| F|  |TAMS 0x0000000708700000, 0x0000000708700000| Untracked 
| 120|0x0000000708800000, 0x0000000708800000, 0x0000000708900000|  0%| F|  |TAMS 0x0000000708800000, 0x0000000708800000| Untracked 
| 121|0x0000000708900000, 0x0000000708900000, 0x0000000708a00000|  0%| F|  |TAMS 0x0000000708900000, 0x0000000708900000| Untracked 
| 122|0x0000000708a00000, 0x0000000708a00000, 0x0000000708b00000|  0%| F|  |TAMS 0x0000000708a00000, 0x0000000708a00000| Untracked 
| 123|0x0000000708b00000, 0x0000000708b00000, 0x0000000708c00000|  0%| F|  |TAMS 0x0000000708b00000, 0x0000000708b00000| Untracked 
| 124|0x0000000708c00000, 0x0000000708c00000, 0x0000000708d00000|  0%| F|  |TAMS 0x0000000708c00000, 0x0000000708c00000| Untracked 
| 125|0x0000000708d00000, 0x0000000708d00000, 0x0000000708e00000|  0%| F|  |TAMS 0x0000000708d00000, 0x0000000708d00000| Untracked 
| 126|0x0000000708e00000, 0x0000000708e00000, 0x0000000708f00000|  0%| F|  |TAMS 0x0000000708e00000, 0x0000000708e00000| Untracked 
| 127|0x0000000708f00000, 0x0000000708f00000, 0x0000000709000000|  0%| F|  |TAMS 0x0000000708f00000, 0x0000000708f00000| Untracked 
| 128|0x0000000709000000, 0x0000000709000000, 0x0000000709100000|  0%| F|  |TAMS 0x0000000709000000, 0x0000000709000000| Untracked 
| 129|0x0000000709100000, 0x0000000709100000, 0x0000000709200000|  0%| F|  |TAMS 0x0000000709100000, 0x0000000709100000| Untracked 
| 130|0x0000000709200000, 0x0000000709200000, 0x0000000709300000|  0%| F|  |TAMS 0x0000000709200000, 0x0000000709200000| Untracked 
| 131|0x0000000709300000, 0x0000000709300000, 0x0000000709400000|  0%| F|  |TAMS 0x0000000709300000, 0x0000000709300000| Untracked 
| 132|0x0000000709400000, 0x0000000709400000, 0x0000000709500000|  0%| F|  |TAMS 0x0000000709400000, 0x0000000709400000| Untracked 
| 133|0x0000000709500000, 0x0000000709500000, 0x0000000709600000|  0%| F|  |TAMS 0x0000000709500000, 0x0000000709500000| Untracked 
| 134|0x0000000709600000, 0x0000000709600000, 0x0000000709700000|  0%| F|  |TAMS 0x0000000709600000, 0x0000000709600000| Untracked 
| 135|0x0000000709700000, 0x0000000709700000, 0x0000000709800000|  0%| F|  |TAMS 0x0000000709700000, 0x0000000709700000| Untracked 
| 136|0x0000000709800000, 0x0000000709800000, 0x0000000709900000|  0%| F|  |TAMS 0x0000000709800000, 0x0000000709800000| Untracked 
| 137|0x0000000709900000, 0x0000000709900000, 0x0000000709a00000|  0%| F|  |TAMS 0x0000000709900000, 0x0000000709900000| Untracked 
| 138|0x0000000709a00000, 0x0000000709a00000, 0x0000000709b00000|  0%| F|  |TAMS 0x0000000709a00000, 0x0000000709a00000| Untracked 
| 139|0x0000000709b00000, 0x0000000709b00000, 0x0000000709c00000|  0%| F|  |TAMS 0x0000000709b00000, 0x0000000709b00000| Untracked 
| 140|0x0000000709c00000, 0x0000000709c00000, 0x0000000709d00000|  0%| F|  |TAMS 0x0000000709c00000, 0x0000000709c00000| Untracked 
| 141|0x0000000709d00000, 0x0000000709d00000, 0x0000000709e00000|  0%| F|  |TAMS 0x0000000709d00000, 0x0000000709d00000| Untracked 
| 142|0x0000000709e00000, 0x0000000709e00000, 0x0000000709f00000|  0%| F|  |TAMS 0x0000000709e00000, 0x0000000709e00000| Untracked 
| 143|0x0000000709f00000, 0x0000000709f00000, 0x000000070a000000|  0%| F|  |TAMS 0x0000000709f00000, 0x0000000709f00000| Untracked 
| 144|0x000000070a000000, 0x000000070a000000, 0x000000070a100000|  0%| F|  |TAMS 0x000000070a000000, 0x000000070a000000| Untracked 
| 145|0x000000070a100000, 0x000000070a100000, 0x000000070a200000|  0%| F|  |TAMS 0x000000070a100000, 0x000000070a100000| Untracked 
| 146|0x000000070a200000, 0x000000070a200000, 0x000000070a300000|  0%| F|  |TAMS 0x000000070a200000, 0x000000070a200000| Untracked 
| 147|0x000000070a300000, 0x000000070a300000, 0x000000070a400000|  0%| F|  |TAMS 0x000000070a300000, 0x000000070a300000| Untracked 
| 148|0x000000070a400000, 0x000000070a400000, 0x000000070a500000|  0%| F|  |TAMS 0x000000070a400000, 0x000000070a400000| Untracked 
| 149|0x000000070a500000, 0x000000070a500000, 0x000000070a600000|  0%| F|  |TAMS 0x000000070a500000, 0x000000070a500000| Untracked 
| 150|0x000000070a600000, 0x000000070a600000, 0x000000070a700000|  0%| F|  |TAMS 0x000000070a600000, 0x000000070a600000| Untracked 
| 151|0x000000070a700000, 0x000000070a700000, 0x000000070a800000|  0%| F|  |TAMS 0x000000070a700000, 0x000000070a700000| Untracked 
| 152|0x000000070a800000, 0x000000070a800000, 0x000000070a900000|  0%| F|  |TAMS 0x000000070a800000, 0x000000070a800000| Untracked 
| 153|0x000000070a900000, 0x000000070a900000, 0x000000070aa00000|  0%| F|  |TAMS 0x000000070a900000, 0x000000070a900000| Untracked 
| 154|0x000000070aa00000, 0x000000070aa00000, 0x000000070ab00000|  0%| F|  |TAMS 0x000000070aa00000, 0x000000070aa00000| Untracked 
| 155|0x000000070ab00000, 0x000000070ab00000, 0x000000070ac00000|  0%| F|  |TAMS 0x000000070ab00000, 0x000000070ab00000| Untracked 
| 156|0x000000070ac00000, 0x000000070ac00000, 0x000000070ad00000|  0%| F|  |TAMS 0x000000070ac00000, 0x000000070ac00000| Untracked 
| 157|0x000000070ad00000, 0x000000070ad00000, 0x000000070ae00000|  0%| F|  |TAMS 0x000000070ad00000, 0x000000070ad00000| Untracked 
| 158|0x000000070ae00000, 0x000000070ae00000, 0x000000070af00000|  0%| F|  |TAMS 0x000000070ae00000, 0x000000070ae00000| Untracked 
| 159|0x000000070af00000, 0x000000070af00000, 0x000000070b000000|  0%| F|  |TAMS 0x000000070af00000, 0x000000070af00000| Untracked 
| 160|0x000000070b000000, 0x000000070b000000, 0x000000070b100000|  0%| F|  |TAMS 0x000000070b000000, 0x000000070b000000| Untracked 
| 161|0x000000070b100000, 0x000000070b100000, 0x000000070b200000|  0%| F|  |TAMS 0x000000070b100000, 0x000000070b100000| Untracked 
| 162|0x000000070b200000, 0x000000070b200000, 0x000000070b300000|  0%| F|  |TAMS 0x000000070b200000, 0x000000070b200000| Untracked 
| 163|0x000000070b300000, 0x000000070b300000, 0x000000070b400000|  0%| F|  |TAMS 0x000000070b300000, 0x000000070b300000| Untracked 
| 164|0x000000070b400000, 0x000000070b400000, 0x000000070b500000|  0%| F|  |TAMS 0x000000070b400000, 0x000000070b400000| Untracked 
| 165|0x000000070b500000, 0x000000070b500000, 0x000000070b600000|  0%| F|  |TAMS 0x000000070b500000, 0x000000070b500000| Untracked 
| 166|0x000000070b600000, 0x000000070b600000, 0x000000070b700000|  0%| F|  |TAMS 0x000000070b600000, 0x000000070b600000| Untracked 
| 167|0x000000070b700000, 0x000000070b700000, 0x000000070b800000|  0%| F|  |TAMS 0x000000070b700000, 0x000000070b700000| Untracked 
| 168|0x000000070b800000, 0x000000070b800000, 0x000000070b900000|  0%| F|  |TAMS 0x000000070b800000, 0x000000070b800000| Untracked 
| 169|0x000000070b900000, 0x000000070b900000, 0x000000070ba00000|  0%| F|  |TAMS 0x000000070b900000, 0x000000070b900000| Untracked 
| 170|0x000000070ba00000, 0x000000070ba00000, 0x000000070bb00000|  0%| F|  |TAMS 0x000000070ba00000, 0x000000070ba00000| Untracked 
| 171|0x000000070bb00000, 0x000000070bb00000, 0x000000070bc00000|  0%| F|  |TAMS 0x000000070bb00000, 0x000000070bb00000| Untracked 
| 172|0x000000070bc00000, 0x000000070bc00000, 0x000000070bd00000|  0%| F|  |TAMS 0x000000070bc00000, 0x000000070bc00000| Untracked 
| 173|0x000000070bd00000, 0x000000070bd00000, 0x000000070be00000|  0%| F|  |TAMS 0x000000070bd00000, 0x000000070bd00000| Untracked 
| 174|0x000000070be00000, 0x000000070be00000, 0x000000070bf00000|  0%| F|  |TAMS 0x000000070be00000, 0x000000070be00000| Untracked 
| 175|0x000000070bf00000, 0x000000070bf00000, 0x000000070c000000|  0%| F|  |TAMS 0x000000070bf00000, 0x000000070bf00000| Untracked 
| 176|0x000000070c000000, 0x000000070c000000, 0x000000070c100000|  0%| F|  |TAMS 0x000000070c000000, 0x000000070c000000| Untracked 
| 177|0x000000070c100000, 0x000000070c100000, 0x000000070c200000|  0%| F|  |TAMS 0x000000070c100000, 0x000000070c100000| Untracked 
| 178|0x000000070c200000, 0x000000070c200000, 0x000000070c300000|  0%| F|  |TAMS 0x000000070c200000, 0x000000070c200000| Untracked 
| 179|0x000000070c300000, 0x000000070c300000, 0x000000070c400000|  0%| F|  |TAMS 0x000000070c300000, 0x000000070c300000| Untracked 
| 180|0x000000070c400000, 0x000000070c400000, 0x000000070c500000|  0%| F|  |TAMS 0x000000070c400000, 0x000000070c400000| Untracked 
| 181|0x000000070c500000, 0x000000070c500000, 0x000000070c600000|  0%| F|  |TAMS 0x000000070c500000, 0x000000070c500000| Untracked 
| 182|0x000000070c600000, 0x000000070c600000, 0x000000070c700000|  0%| F|  |TAMS 0x000000070c600000, 0x000000070c600000| Untracked 
| 183|0x000000070c700000, 0x000000070c700000, 0x000000070c800000|  0%| F|  |TAMS 0x000000070c700000, 0x000000070c700000| Untracked 
| 184|0x000000070c800000, 0x000000070c800000, 0x000000070c900000|  0%| F|  |TAMS 0x000000070c800000, 0x000000070c800000| Untracked 
| 185|0x000000070c900000, 0x000000070c900000, 0x000000070ca00000|  0%| F|  |TAMS 0x000000070c900000, 0x000000070c900000| Untracked 
| 186|0x000000070ca00000, 0x000000070ca00000, 0x000000070cb00000|  0%| F|  |TAMS 0x000000070ca00000, 0x000000070ca00000| Untracked 
| 187|0x000000070cb00000, 0x000000070cb00000, 0x000000070cc00000|  0%| F|  |TAMS 0x000000070cb00000, 0x000000070cb00000| Untracked 
| 188|0x000000070cc00000, 0x000000070cc00000, 0x000000070cd00000|  0%| F|  |TAMS 0x000000070cc00000, 0x000000070cc00000| Untracked 
| 189|0x000000070cd00000, 0x000000070cde84b8, 0x000000070ce00000| 90%| S|CS|TAMS 0x000000070cd00000, 0x000000070cd00000| Complete 
| 190|0x000000070ce00000, 0x000000070cf00000, 0x000000070cf00000|100%| S|CS|TAMS 0x000000070ce00000, 0x000000070ce00000| Complete 
| 191|0x000000070cf00000, 0x000000070d000000, 0x000000070d000000|100%| S|CS|TAMS 0x000000070cf00000, 0x000000070cf00000| Complete 
| 192|0x000000070d000000, 0x000000070d100000, 0x000000070d100000|100%| S|CS|TAMS 0x000000070d000000, 0x000000070d000000| Complete 
| 193|0x000000070d100000, 0x000000070d200000, 0x000000070d200000|100%| S|CS|TAMS 0x000000070d100000, 0x000000070d100000| Complete 
| 194|0x000000070d200000, 0x000000070d300000, 0x000000070d300000|100%| S|CS|TAMS 0x000000070d200000, 0x000000070d200000| Complete 
| 195|0x000000070d300000, 0x000000070d400000, 0x000000070d400000|100%| S|CS|TAMS 0x000000070d300000, 0x000000070d300000| Complete 
| 196|0x000000070d400000, 0x000000070d500000, 0x000000070d500000|100%| S|CS|TAMS 0x000000070d400000, 0x000000070d400000| Complete 
| 197|0x000000070d500000, 0x000000070d500000, 0x000000070d600000|  0%| F|  |TAMS 0x000000070d500000, 0x000000070d500000| Untracked 
| 198|0x000000070d600000, 0x000000070d600000, 0x000000070d700000|  0%| F|  |TAMS 0x000000070d600000, 0x000000070d600000| Untracked 
| 199|0x000000070d700000, 0x000000070d700000, 0x000000070d800000|  0%| F|  |TAMS 0x000000070d700000, 0x000000070d700000| Untracked 
| 200|0x000000070d800000, 0x000000070d800000, 0x000000070d900000|  0%| F|  |TAMS 0x000000070d800000, 0x000000070d800000| Untracked 
| 201|0x000000070d900000, 0x000000070d900000, 0x000000070da00000|  0%| F|  |TAMS 0x000000070d900000, 0x000000070d900000| Untracked 
| 202|0x000000070da00000, 0x000000070da00000, 0x000000070db00000|  0%| F|  |TAMS 0x000000070da00000, 0x000000070da00000| Untracked 
| 203|0x000000070db00000, 0x000000070db00000, 0x000000070dc00000|  0%| F|  |TAMS 0x000000070db00000, 0x000000070db00000| Untracked 
| 204|0x000000070dc00000, 0x000000070dc00000, 0x000000070dd00000|  0%| F|  |TAMS 0x000000070dc00000, 0x000000070dc00000| Untracked 
| 205|0x000000070dd00000, 0x000000070dd00000, 0x000000070de00000|  0%| F|  |TAMS 0x000000070dd00000, 0x000000070dd00000| Untracked 
| 206|0x000000070de00000, 0x000000070de00000, 0x000000070df00000|  0%| F|  |TAMS 0x000000070de00000, 0x000000070de00000| Untracked 
| 207|0x000000070df00000, 0x000000070df00000, 0x000000070e000000|  0%| F|  |TAMS 0x000000070df00000, 0x000000070df00000| Untracked 
| 208|0x000000070e000000, 0x000000070e000000, 0x000000070e100000|  0%| F|  |TAMS 0x000000070e000000, 0x000000070e000000| Untracked 
| 209|0x000000070e100000, 0x000000070e100000, 0x000000070e200000|  0%| F|  |TAMS 0x000000070e100000, 0x000000070e100000| Untracked 
| 210|0x000000070e200000, 0x000000070e200000, 0x000000070e300000|  0%| F|  |TAMS 0x000000070e200000, 0x000000070e200000| Untracked 
| 211|0x000000070e300000, 0x000000070e300000, 0x000000070e400000|  0%| F|  |TAMS 0x000000070e300000, 0x000000070e300000| Untracked 
| 212|0x000000070e400000, 0x000000070e400000, 0x000000070e500000|  0%| F|  |TAMS 0x000000070e400000, 0x000000070e400000| Untracked 
| 213|0x000000070e500000, 0x000000070e500000, 0x000000070e600000|  0%| F|  |TAMS 0x000000070e500000, 0x000000070e500000| Untracked 
| 214|0x000000070e600000, 0x000000070e600000, 0x000000070e700000|  0%| F|  |TAMS 0x000000070e600000, 0x000000070e600000| Untracked 
| 215|0x000000070e700000, 0x000000070e700000, 0x000000070e800000|  0%| F|  |TAMS 0x000000070e700000, 0x000000070e700000| Untracked 
| 216|0x000000070e800000, 0x000000070e800000, 0x000000070e900000|  0%| F|  |TAMS 0x000000070e800000, 0x000000070e800000| Untracked 
| 217|0x000000070e900000, 0x000000070e900000, 0x000000070ea00000|  0%| F|  |TAMS 0x000000070e900000, 0x000000070e900000| Untracked 
| 218|0x000000070ea00000, 0x000000070ea00000, 0x000000070eb00000|  0%| F|  |TAMS 0x000000070ea00000, 0x000000070ea00000| Untracked 
| 219|0x000000070eb00000, 0x000000070eb00000, 0x000000070ec00000|  0%| F|  |TAMS 0x000000070eb00000, 0x000000070eb00000| Untracked 
| 220|0x000000070ec00000, 0x000000070ec00000, 0x000000070ed00000|  0%| F|  |TAMS 0x000000070ec00000, 0x000000070ec00000| Untracked 
| 221|0x000000070ed00000, 0x000000070ed00000, 0x000000070ee00000|  0%| F|  |TAMS 0x000000070ed00000, 0x000000070ed00000| Untracked 
| 222|0x000000070ee00000, 0x000000070ee00000, 0x000000070ef00000|  0%| F|  |TAMS 0x000000070ee00000, 0x000000070ee00000| Untracked 
| 223|0x000000070ef00000, 0x000000070ef00000, 0x000000070f000000|  0%| F|  |TAMS 0x000000070ef00000, 0x000000070ef00000| Untracked 
| 224|0x000000070f000000, 0x000000070f000000, 0x000000070f100000|  0%| F|  |TAMS 0x000000070f000000, 0x000000070f000000| Untracked 
| 225|0x000000070f100000, 0x000000070f100000, 0x000000070f200000|  0%| F|  |TAMS 0x000000070f100000, 0x000000070f100000| Untracked 
| 226|0x000000070f200000, 0x000000070f200000, 0x000000070f300000|  0%| F|  |TAMS 0x000000070f200000, 0x000000070f200000| Untracked 
| 227|0x000000070f300000, 0x000000070f300000, 0x000000070f400000|  0%| F|  |TAMS 0x000000070f300000, 0x000000070f300000| Untracked 
| 228|0x000000070f400000, 0x000000070f400000, 0x000000070f500000|  0%| F|  |TAMS 0x000000070f400000, 0x000000070f400000| Untracked 
| 229|0x000000070f500000, 0x000000070f500000, 0x000000070f600000|  0%| F|  |TAMS 0x000000070f500000, 0x000000070f500000| Untracked 
| 230|0x000000070f600000, 0x000000070f600000, 0x000000070f700000|  0%| F|  |TAMS 0x000000070f600000, 0x000000070f600000| Untracked 
| 231|0x000000070f700000, 0x000000070f700000, 0x000000070f800000|  0%| F|  |TAMS 0x000000070f700000, 0x000000070f700000| Untracked 
| 232|0x000000070f800000, 0x000000070f800000, 0x000000070f900000|  0%| F|  |TAMS 0x000000070f800000, 0x000000070f800000| Untracked 
| 233|0x000000070f900000, 0x000000070f900000, 0x000000070fa00000|  0%| F|  |TAMS 0x000000070f900000, 0x000000070f900000| Untracked 
| 234|0x000000070fa00000, 0x000000070fa00000, 0x000000070fb00000|  0%| F|  |TAMS 0x000000070fa00000, 0x000000070fa00000| Untracked 
| 235|0x000000070fb00000, 0x000000070fb00000, 0x000000070fc00000|  0%| F|  |TAMS 0x000000070fb00000, 0x000000070fb00000| Untracked 
| 236|0x000000070fc00000, 0x000000070fc00000, 0x000000070fd00000|  0%| F|  |TAMS 0x000000070fc00000, 0x000000070fc00000| Untracked 
| 237|0x000000070fd00000, 0x000000070fd00800, 0x000000070fe00000|  0%| E|  |TAMS 0x000000070fd00000, 0x000000070fd00000| Complete 
| 238|0x000000070fe00000, 0x000000070ff00000, 0x000000070ff00000|100%| E|CS|TAMS 0x000000070fe00000, 0x000000070fe00000| Complete 
| 239|0x000000070ff00000, 0x0000000710000000, 0x0000000710000000|100%| E|CS|TAMS 0x000000070ff00000, 0x000000070ff00000| Complete 
| 240|0x0000000710000000, 0x0000000710100000, 0x0000000710100000|100%| E|CS|TAMS 0x0000000710000000, 0x0000000710000000| Complete 
| 241|0x0000000710100000, 0x0000000710200000, 0x0000000710200000|100%| E|CS|TAMS 0x0000000710100000, 0x0000000710100000| Complete 
| 242|0x0000000710200000, 0x0000000710300000, 0x0000000710300000|100%| E|CS|TAMS 0x0000000710200000, 0x0000000710200000| Complete 
| 243|0x0000000710300000, 0x0000000710400000, 0x0000000710400000|100%| E|CS|TAMS 0x0000000710300000, 0x0000000710300000| Complete 
| 244|0x0000000710400000, 0x0000000710500000, 0x0000000710500000|100%| E|CS|TAMS 0x0000000710400000, 0x0000000710400000| Complete 
| 245|0x0000000710500000, 0x0000000710600000, 0x0000000710600000|100%| E|CS|TAMS 0x0000000710500000, 0x0000000710500000| Complete 
| 246|0x0000000710600000, 0x0000000710700000, 0x0000000710700000|100%| E|CS|TAMS 0x0000000710600000, 0x0000000710600000| Complete 
| 247|0x0000000710700000, 0x0000000710800000, 0x0000000710800000|100%| E|CS|TAMS 0x0000000710700000, 0x0000000710700000| Complete 
| 248|0x0000000710800000, 0x0000000710900000, 0x0000000710900000|100%| E|CS|TAMS 0x0000000710800000, 0x0000000710800000| Complete 
| 249|0x0000000710900000, 0x0000000710a00000, 0x0000000710a00000|100%| E|CS|TAMS 0x0000000710900000, 0x0000000710900000| Complete 
| 250|0x0000000710a00000, 0x0000000710b00000, 0x0000000710b00000|100%| E|CS|TAMS 0x0000000710a00000, 0x0000000710a00000| Complete 
| 251|0x0000000710b00000, 0x0000000710c00000, 0x0000000710c00000|100%| E|CS|TAMS 0x0000000710b00000, 0x0000000710b00000| Complete 
| 252|0x0000000710c00000, 0x0000000710d00000, 0x0000000710d00000|100%| E|CS|TAMS 0x0000000710c00000, 0x0000000710c00000| Complete 
| 253|0x0000000710d00000, 0x0000000710e00000, 0x0000000710e00000|100%| E|CS|TAMS 0x0000000710d00000, 0x0000000710d00000| Complete 
| 254|0x0000000710e00000, 0x0000000710f00000, 0x0000000710f00000|100%| E|CS|TAMS 0x0000000710e00000, 0x0000000710e00000| Complete 
| 255|0x0000000710f00000, 0x0000000711000000, 0x0000000711000000|100%| E|CS|TAMS 0x0000000710f00000, 0x0000000710f00000| Complete 

Card table byte_map: [0x0000024256790000,0x0000024256f90000] _byte_map_base: 0x0000024252f88000

Marking Bits (Prev, Next): (CMBitMap*) 0x000002423e784400, (CMBitMap*) 0x000002423e7843c8
 Prev Bits: [0x000002425b750000, 0x000002425f710000)
 Next Bits: [0x0000024257790000, 0x000002425b750000)

Polling page: 0x000002423c4c0000

Metaspace:

Usage:
  Non-class:     25.24 MB capacity,    24.41 MB ( 97%) used,   681.65 KB (  3%) free+waste,   170.13 KB ( <1%) overhead. 
      Class:      4.22 MB capacity,     3.62 MB ( 86%) used,   536.07 KB ( 12%) free+waste,    84.81 KB (  2%) overhead. 
       Both:     29.47 MB capacity,    28.03 MB ( 95%) used,     1.19 MB (  4%) free+waste,   254.94 KB ( <1%) overhead. 

Virtual space:
  Non-class space:       26.00 MB reserved,      25.25 MB ( 97%) committed 
      Class space:        1.00 GB reserved,       4.25 MB ( <1%) committed 
             Both:        1.03 GB reserved,      29.50 MB (  3%) committed 

Chunk freelists:
   Non-Class:  896 bytes
       Class:  0 bytes
        Both:  896 bytes

CodeHeap 'non-profiled nmethods': size=120000Kb used=2521Kb max_used=2521Kb free=117478Kb
 bounds [0x000002424e500000, 0x000002424e780000, 0x0000024255a30000]
CodeHeap 'profiled nmethods': size=120000Kb used=9523Kb max_used=9523Kb free=110476Kb
 bounds [0x0000024246fd0000, 0x0000024247920000, 0x000002424e500000]
CodeHeap 'non-nmethods': size=5760Kb used=1490Kb max_used=1530Kb free=4269Kb
 bounds [0x0000024246a30000, 0x0000024246ca0000, 0x0000024246fd0000]
 total_blobs=5834 nmethods=4211 adapters=773
 compilation: enabled
              stopped_count=0, restarted_count=0
 full_count=0

Compilation events (10 events):
Event: 39.618 Thread 0x000002426e850800 4191       4       java.util.AbstractList$Itr::hasNext (20 bytes)
Event: 39.618 Thread 0x000002426e850800 nmethod 4191 0x000002424e76be90 code [0x000002424e76c020, 0x000002424e76c0b8]
Event: 39.618 Thread 0x000002426e850800 4237       4       java.lang.Math::max (11 bytes)
Event: 39.618 Thread 0x000002426e850800 nmethod 4237 0x000002424e76c190 code [0x000002424e76c320, 0x000002424e76c378]
Event: 39.618 Thread 0x000002426e850800 4280       4       java.util.concurrent.ConcurrentHashMap::casTabAt (21 bytes)
Event: 39.619 Thread 0x000002426e850800 nmethod 4280 0x000002424e76c410 code [0x000002424e76c5a0, 0x000002424e76c6d8]
Event: 39.619 Thread 0x000002426e850800 4236       4       javafx.scene.Node::getProperties (26 bytes)
Event: 39.619 Thread 0x000002426e850800 nmethod 4236 0x000002424e76c790 code [0x000002424e76c920, 0x000002424e76c9b8]
Event: 39.619 Thread 0x000002426e850800 4244       4       javafx.scene.Node::hasProperties (25 bytes)
Event: 39.620 Thread 0x000002426e850800 nmethod 4244 0x000002424e76ca90 code [0x000002424e76cc20, 0x000002424e76ccf8]

GC Heap History (6 events):
Event: 0.713 GC heap before
{Heap before GC invocations=0 (full 0):
 garbage-first heap   total 262144K, used 23552K [0x0000000701000000, 0x0000000800000000)
  region size 1024K, 24 young (24576K), 0 survivors (0K)
 Metaspace       used 11652K, capacity 12013K, committed 12160K, reserved 1060864K
  class space    used 1197K, capacity 1336K, committed 1408K, reserved 1048576K
}
Event: 0.716 GC heap after
{Heap after GC invocations=1 (full 0):
 garbage-first heap   total 262144K, used 2647K [0x0000000701000000, 0x0000000800000000)
  region size 1024K, 3 young (3072K), 3 survivors (3072K)
 Metaspace       used 11652K, capacity 12013K, committed 12160K, reserved 1060864K
  class space    used 1197K, capacity 1336K, committed 1408K, reserved 1048576K
}
Event: 1.410 GC heap before
{Heap before GC invocations=1 (full 0):
 garbage-first heap   total 262144K, used 39511K [0x0000000701000000, 0x0000000800000000)
  region size 1024K, 40 young (40960K), 3 survivors (3072K)
 Metaspace       used 20567K, capacity 21180K, committed 21248K, reserved 1067008K
  class space    used 2502K, capacity 2776K, committed 2816K, reserved 1048576K
}
Event: 1.420 GC heap after
{Heap after GC invocations=2 (full 0):
 garbage-first heap   total 262144K, used 7376K [0x0000000701000000, 0x0000000800000000)
  region size 1024K, 8 young (8192K), 8 survivors (8192K)
 Metaspace       used 20567K, capacity 21180K, committed 21248K, reserved 1067008K
  class space    used 2502K, capacity 2776K, committed 2816K, reserved 1048576K
}
Event: 4.804 GC heap before
{Heap before GC invocations=3 (full 0):
 garbage-first heap   total 262144K, used 61648K [0x0000000701000000, 0x0000000800000000)
  region size 1024K, 59 young (60416K), 8 survivors (8192K)
 Metaspace       used 27632K, capacity 28835K, committed 28928K, reserved 1075200K
  class space    used 3543K, capacity 4026K, committed 4096K, reserved 1048576K
}
Event: 4.816 GC heap after
{Heap after GC invocations=4 (full 0):
 garbage-first heap   total 262144K, used 16922K [0x0000000701000000, 0x0000000800000000)
  region size 1024K, 8 young (8192K), 8 survivors (8192K)
 Metaspace       used 27632K, capacity 28835K, committed 28928K, reserved 1075200K
  class space    used 3543K, capacity 4026K, committed 4096K, reserved 1048576K
}

Deoptimization events (10 events):
Event: 4.906 Thread 0x00000242642df800 Uncommon trap: reason=unstable_if action=reinterpret pc=0x000002424e6b6bb8 method=java.util.concurrent.ConcurrentHashMap.putVal(Ljava/lang/Object;Ljava/lang/Object;Z)Ljava/lang/Object; @ 231 c2
Event: 4.928 Thread 0x00000242642df800 Uncommon trap: reason=class_check action=maybe_recompile pc=0x000002424e6e70ac method=javafx.scene.Node.getLocalBounds(Lcom/sun/javafx/geom/BaseBounds;Lcom/sun/javafx/geom/transform/BaseTransform;)Lcom/sun/javafx/geom/BaseBounds; @ 22 c2
Event: 4.928 Thread 0x00000242642df800 Uncommon trap: reason=class_check action=maybe_recompile pc=0x000002424e6e70ac method=javafx.scene.Node.getLocalBounds(Lcom/sun/javafx/geom/BaseBounds;Lcom/sun/javafx/geom/transform/BaseTransform;)Lcom/sun/javafx/geom/BaseBounds; @ 22 c2
Event: 4.928 Thread 0x00000242642df800 Uncommon trap: reason=class_check action=maybe_recompile pc=0x000002424e6e70ac method=javafx.scene.Node.getLocalBounds(Lcom/sun/javafx/geom/BaseBounds;Lcom/sun/javafx/geom/transform/BaseTransform;)Lcom/sun/javafx/geom/BaseBounds; @ 22 c2
Event: 4.928 Thread 0x00000242642df800 Uncommon trap: reason=class_check action=maybe_recompile pc=0x000002424e6e70ac method=javafx.scene.Node.getLocalBounds(Lcom/sun/javafx/geom/BaseBounds;Lcom/sun/javafx/geom/transform/BaseTransform;)Lcom/sun/javafx/geom/BaseBounds; @ 22 c2
Event: 4.929 Thread 0x00000242642df800 Uncommon trap: reason=class_check action=maybe_recompile pc=0x000002424e6e2358 method=javafx.scene.Node.updateLocalToParentTransform()V @ 11 c2
Event: 4.929 Thread 0x00000242642df800 Uncommon trap: reason=class_check action=maybe_recompile pc=0x000002424e6e2358 method=javafx.scene.Node.updateLocalToParentTransform()V @ 11 c2
Event: 4.929 Thread 0x00000242642df800 Uncommon trap: reason=class_check action=maybe_recompile pc=0x000002424e6e2358 method=javafx.scene.Node.updateLocalToParentTransform()V @ 11 c2
Event: 4.932 Thread 0x00000242642df800 Uncommon trap: reason=class_check action=maybe_recompile pc=0x000002424e6e2358 method=javafx.scene.Node.updateLocalToParentTransform()V @ 11 c2
Event: 39.571 Thread 0x00000242642df800 Uncommon trap: reason=null_check action=make_not_entrant pc=0x000002424e749fb4 method=javafx.scene.CssStyleHelper.getCachedFont(Ljavafx/css/Styleable;)Lcom/sun/javafx/css/CalculatedValue; @ 114 c2

Classes redefined (0 events):
No events

Internal exceptions (10 events):
Event: 11.413 Thread 0x00000242642df800 Exception <a 'java/lang/NoSuchMethodError'{0x0000000710474028}: java.lang.invoke.DirectMethodHandle$Holder.invokeStatic(Ljava/lang/Object;Ljava/lang/Object;Ljava/lang/Object;Ljava/lang/Object;Ljava/lang/Object;Ljava/lang/Object;Ljava/lang/Object;Ljava/lan
Event: 11.452 Thread 0x00000242642df800 Exception <a 'java/lang/NoSuchMethodError'{0x00000007104959f8}: java.lang.invoke.DirectMethodHandle$Holder.invokeStatic(Ljava/lang/Object;Ljava/lang/Object;Ljava/lang/Object;Ljava/lang/Object;Ljava/lang/Object;Ljava/lang/Object;Ljava/lang/Object;Ljava/lan
Event: 11.729 Thread 0x00000242642df800 Exception <a 'java/lang/NoSuchMethodError'{0x0000000710363c78}: java.lang.invoke.DelegatingMethodHandle$Holder.reinvoke_L(Ljava/lang/Object;Ljava/lang/Object;IILjava/lang/Object;Ljava/lang/Object;Ljava/lang/Object;Ljava/lang/Object;Ljava/lang/Object;Ljava
Event: 11.892 Thread 0x00000242642df800 Exception <a 'java/lang/NoSuchMethodError'{0x00000007103dacd8}: java.lang.invoke.DirectMethodHandle$Holder.invokeSpecial(Ljava/lang/Object;Ljava/lang/Object;IILjava/lang/Object;Ljava/lang/Object;Ljava/lang/Object;Ljava/lang/Object;Ljava/lang/Object;Ljava/
Event: 11.896 Thread 0x00000242642df800 Exception <a 'java/lang/NoSuchMethodError'{0x00000007103def78}: java.lang.invoke.DelegatingMethodHandle$Holder.reinvoke_L(Ljava/lang/Object;IILjava/lang/Object;Ljava/lang/Object;Ljava/lang/Object;Ljava/lang/Object;Ljava/lang/Object;Ljava/lang/Object;Ljava
Event: 12.029 Thread 0x00000242642df800 Exception <a 'java/lang/NoSuchMethodError'{0x000000071024d1f0}: java.lang.invoke.DirectMethodHandle$Holder.invokeStatic(Ljava/lang/Object;Ljava/lang/Object;Ljava/lang/Object;Ljava/lang/Object;Ljava/lang/Object;Ljava/lang/Object;I)Ljava/lang/Object;> (0x00
Event: 12.364 Thread 0x00000242642df800 Exception <a 'java/lang/NoSuchMethodError'{0x000000071016c518}: java.lang.invoke.DelegatingMethodHandle$Holder.reinvoke_L(Ljava/lang/Object;Ljava/lang/Object;DDDDDDDD)Ljava/lang/Object;> (0x000000071016c518) thrown at [t:/workspace/open/src/hotspot/share/
Event: 12.532 Thread 0x00000242642df800 Exception <a 'java/lang/NoSuchMethodError'{0x00000007101f5290}: java.lang.invoke.DelegatingMethodHandle$Holder.reinvoke_L(Ljava/lang/Object;Ljava/lang/Object;IILjava/lang/Object;Ljava/lang/Object;Ljava/lang/Object;Ljava/lang/Object;Ljava/lang/Object;Ljava
Event: 12.647 Thread 0x00000242642df800 Exception <a 'java/lang/NoSuchMethodError'{0x0000000710055ef0}: java.lang.invoke.DirectMethodHandle$Holder.invokeSpecial(Ljava/lang/Object;Ljava/lang/Object;IILjava/lang/Object;Ljava/lang/Object;Ljava/lang/Object;Ljava/lang/Object;Ljava/lang/Object;Ljava/
Event: 12.650 Thread 0x00000242642df800 Exception <a 'java/lang/NoSuchMethodError'{0x0000000710059b18}: java.lang.invoke.DelegatingMethodHandle$Holder.reinvoke_L(Ljava/lang/Object;IILjava/lang/Object;Ljava/lang/Object;Ljava/lang/Object;Ljava/lang/Object;Ljava/lang/Object;Ljava/lang/Object;)Ljav

Events (10 events):
Event: 39.615 Executing VM operation: RevokeBias done
Event: 39.615 Executing VM operation: RevokeBias
Event: 39.615 Executing VM operation: RevokeBias done
Event: 39.615 Executing VM operation: RevokeBias
Event: 39.615 Executing VM operation: RevokeBias done
Event: 39.615 Executing VM operation: RevokeBias
Event: 39.616 Executing VM operation: RevokeBias done
Event: 39.616 loading class com/sun/javafx/tk/quantum/QuantumRenderer
Event: 39.616 loading class com/sun/javafx/tk/quantum/QuantumRenderer done
Event: 39.616 Thread 0x000002426bc26000 Thread exited: 0x000002426bc26000


Dynamic libraries:
0x00007ff7e9f00000 - 0x00007ff7e9f45000 	C:\Program Files\Java\jdk-11.0.2\bin\java.exe
0x00007ffaf6500000 - 0x00007ffaf66f0000 	C:\WINDOWS\SYSTEM32\ntdll.dll
0x00007ffaf54c0000 - 0x00007ffaf5572000 	C:\WINDOWS\System32\KERNEL32.DLL
0x00007ffaf4050000 - 0x00007ffaf42f4000 	C:\WINDOWS\System32\KERNELBASE.dll
0x00007ffaf5960000 - 0x00007ffaf5af4000 	C:\WINDOWS\System32\USER32.dll
0x00007ffaf3f00000 - 0x00007ffaf3f21000 	C:\WINDOWS\System32\win32u.dll
0x00007ffaf5720000 - 0x00007ffaf5746000 	C:\WINDOWS\System32\GDI32.dll
0x00007ffaf3d10000 - 0x00007ffaf3ea4000 	C:\WINDOWS\System32\gdi32full.dll
0x00007ffaf3fb0000 - 0x00007ffaf404e000 	C:\WINDOWS\System32\msvcp_win.dll
0x00007ffaf4450000 - 0x00007ffaf454a000 	C:\WINDOWS\System32\ucrtbase.dll
0x00007ffae2250000 - 0x00007ffae24d4000 	C:\WINDOWS\WinSxS\amd64_microsoft.windows.common-controls_6595b64144ccf1df_6.0.18362.836_none_e6c4b943130f18ed\COMCTL32.dll
0x00007ffaf6270000 - 0x00007ffaf630e000 	C:\WINDOWS\System32\msvcrt.dll
0x00007ffaf4dc0000 - 0x00007ffaf50f6000 	C:\WINDOWS\System32\combase.dll
0x00007ffaf5840000 - 0x00007ffaf5960000 	C:\WINDOWS\System32\RPCRT4.dll
0x00007ffaf3f30000 - 0x00007ffaf3fb0000 	C:\WINDOWS\System32\bcryptPrimitives.dll
0x00007ffaf4680000 - 0x00007ffaf46ae000 	C:\WINDOWS\System32\IMM32.DLL
0x00007ffaebc70000 - 0x00007ffaebc86000 	C:\Program Files\Java\jdk-11.0.2\bin\vcruntime140.dll
0x00007ffacf180000 - 0x00007ffacf22a000 	C:\Program Files\Java\jdk-11.0.2\bin\msvcp140.dll
0x00007ffa82f50000 - 0x00007ffa83a73000 	C:\Program Files\Java\jdk-11.0.2\bin\server\jvm.dll
0x00007ffaf5100000 - 0x00007ffaf51a3000 	C:\WINDOWS\System32\ADVAPI32.dll
0x00007ffaf4800000 - 0x00007ffaf4897000 	C:\WINDOWS\System32\sechost.dll
0x00007ffaf52f0000 - 0x00007ffaf52f8000 	C:\WINDOWS\System32\PSAPI.DLL
0x00007ffaf0aa0000 - 0x00007ffaf0ac4000 	C:\WINDOWS\SYSTEM32\WINMM.dll
0x00007ffaefa80000 - 0x00007ffaefa89000 	C:\WINDOWS\SYSTEM32\WSOCK32.dll
0x00007ffaeac90000 - 0x00007ffaeac9a000 	C:\WINDOWS\SYSTEM32\VERSION.dll
0x00007ffaf5750000 - 0x00007ffaf57bf000 	C:\WINDOWS\System32\WS2_32.dll
0x00007ffaf0a70000 - 0x00007ffaf0a9d000 	C:\WINDOWS\SYSTEM32\WINMMBASE.dll
0x00007ffaf3eb0000 - 0x00007ffaf3efa000 	C:\WINDOWS\System32\cfgmgr32.dll
0x00007ffaf3440000 - 0x00007ffaf3451000 	C:\WINDOWS\System32\kernel.appcore.dll
0x00007ffaebb10000 - 0x00007ffaebb21000 	C:\Program Files\Java\jdk-11.0.2\bin\verify.dll
0x00007ffaf1c50000 - 0x00007ffaf1e44000 	C:\WINDOWS\SYSTEM32\DBGHELP.DLL
0x00007ffaf11c0000 - 0x00007ffaf11ea000 	C:\WINDOWS\SYSTEM32\dbgcore.DLL
0x00007ffadbc80000 - 0x00007ffadbca8000 	C:\Program Files\Java\jdk-11.0.2\bin\java.dll
0x00007ffad7830000 - 0x00007ffad7867000 	C:\Program Files\Java\jdk-11.0.2\bin\jdwp.dll
0x00007ffad6570000 - 0x00007ffad659f000 	C:\Program Files\Java\jdk-11.0.2\bin\instrument.dll
0x00007ffadbc40000 - 0x00007ffadbc56000 	C:\Program Files\Java\jdk-11.0.2\bin\zip.dll
0x00007ffaef5f0000 - 0x00007ffaef5fa000 	C:\Program Files\Java\jdk-11.0.2\bin\jimage.dll
0x00007ffaf5b00000 - 0x00007ffaf61e4000 	C:\WINDOWS\System32\SHELL32.dll
0x00007ffaf48a0000 - 0x00007ffaf4949000 	C:\WINDOWS\System32\shcore.dll
0x00007ffaf3490000 - 0x00007ffaf3c0e000 	C:\WINDOWS\System32\windows.storage.dll
0x00007ffaf3460000 - 0x00007ffaf3483000 	C:\WINDOWS\System32\profapi.dll
0x00007ffaf33d0000 - 0x00007ffaf341a000 	C:\WINDOWS\System32\powrprof.dll
0x00007ffaf33c0000 - 0x00007ffaf33d0000 	C:\WINDOWS\System32\UMPDC.dll
0x00007ffaf47a0000 - 0x00007ffaf47f2000 	C:\WINDOWS\System32\shlwapi.dll
0x00007ffaf3c10000 - 0x00007ffaf3c27000 	C:\WINDOWS\System32\cryptsp.dll
0x00007ffadb2d0000 - 0x00007ffadb2e9000 	C:\Program Files\Java\jdk-11.0.2\bin\net.dll
0x00007ffae4900000 - 0x00007ffae49f0000 	C:\WINDOWS\SYSTEM32\WINHTTP.dll
0x00007ffaea450000 - 0x00007ffaea626000 	C:\WINDOWS\SYSTEM32\urlmon.dll
0x00007ffaeafb0000 - 0x00007ffaeb256000 	C:\WINDOWS\SYSTEM32\iertutil.dll
0x00007ffaf2da0000 - 0x00007ffaf2dac000 	C:\WINDOWS\SYSTEM32\CRYPTBASE.DLL
0x00007ffaf2bd0000 - 0x00007ffaf2c37000 	C:\WINDOWS\system32\mswsock.dll
0x00007ffadabf0000 - 0x00007ffadac03000 	C:\Program Files\Java\jdk-11.0.2\bin\nio.dll
0x00007ffadfeb0000 - 0x00007ffadfeba000 	C:\Program Files\Java\jdk-11.0.2\bin\dt_socket.dll
0x000002423de80000 - 0x000002423de83000 	C:\Program Files\Java\javafx-sdk-11.0.2\bin\api-ms-win-core-console-l1-1-0.dll
0x000002423de90000 - 0x000002423de93000 	C:\Program Files\Java\javafx-sdk-11.0.2\bin\api-ms-win-core-datetime-l1-1-0.dll
0x000002423dea0000 - 0x000002423dea3000 	C:\Program Files\Java\javafx-sdk-11.0.2\bin\api-ms-win-core-debug-l1-1-0.dll
0x000002423deb0000 - 0x000002423deb3000 	C:\Program Files\Java\javafx-sdk-11.0.2\bin\api-ms-win-core-errorhandling-l1-1-0.dll
0x000002423dec0000 - 0x000002423dec4000 	C:\Program Files\Java\javafx-sdk-11.0.2\bin\api-ms-win-core-file-l1-1-0.dll
0x000002423ded0000 - 0x000002423ded3000 	C:\Program Files\Java\javafx-sdk-11.0.2\bin\api-ms-win-core-file-l1-2-0.dll
0x000002423e630000 - 0x000002423e633000 	C:\Program Files\Java\javafx-sdk-11.0.2\bin\api-ms-win-core-file-l2-1-0.dll
0x000002423e640000 - 0x000002423e643000 	C:\Program Files\Java\javafx-sdk-11.0.2\bin\api-ms-win-core-handle-l1-1-0.dll
0x000002423e650000 - 0x000002423e653000 	C:\Program Files\Java\javafx-sdk-11.0.2\bin\api-ms-win-core-heap-l1-1-0.dll
0x000002423e660000 - 0x000002423e663000 	C:\Program Files\Java\javafx-sdk-11.0.2\bin\api-ms-win-core-interlocked-l1-1-0.dll
0x000002423e670000 - 0x000002423e673000 	C:\Program Files\Java\javafx-sdk-11.0.2\bin\api-ms-win-core-libraryloader-l1-1-0.dll
0x000002423e680000 - 0x000002423e683000 	C:\Program Files\Java\javafx-sdk-11.0.2\bin\api-ms-win-core-localization-l1-2-0.dll
0x000002423e690000 - 0x000002423e693000 	C:\Program Files\Java\javafx-sdk-11.0.2\bin\api-ms-win-core-memory-l1-1-0.dll
0x000002423e6a0000 - 0x000002423e6a3000 	C:\Program Files\Java\javafx-sdk-11.0.2\bin\api-ms-win-core-namedpipe-l1-1-0.dll
0x000002423e6b0000 - 0x000002423e6b3000 	C:\Program Files\Java\javafx-sdk-11.0.2\bin\api-ms-win-core-processenvironment-l1-1-0.dll
0x000002423e6c0000 - 0x000002423e6c3000 	C:\Program Files\Java\javafx-sdk-11.0.2\bin\api-ms-win-core-processthreads-l1-1-0.dll
0x000002423e6d0000 - 0x000002423e6d3000 	C:\Program Files\Java\javafx-sdk-11.0.2\bin\api-ms-win-core-processthreads-l1-1-1.dll
0x000002423e6e0000 - 0x000002423e6e3000 	C:\Program Files\Java\javafx-sdk-11.0.2\bin\api-ms-win-core-profile-l1-1-0.dll
0x00000242649a0000 - 0x00000242649a3000 	C:\Program Files\Java\javafx-sdk-11.0.2\bin\api-ms-win-core-rtlsupport-l1-1-0.dll
0x00000242649b0000 - 0x00000242649b3000 	C:\Program Files\Java\javafx-sdk-11.0.2\bin\api-ms-win-core-string-l1-1-0.dll
0x00000242649c0000 - 0x00000242649c3000 	C:\Program Files\Java\javafx-sdk-11.0.2\bin\api-ms-win-core-synch-l1-1-0.dll
0x00000242649d0000 - 0x00000242649d3000 	C:\Program Files\Java\javafx-sdk-11.0.2\bin\api-ms-win-core-synch-l1-2-0.dll
0x00000242649e0000 - 0x00000242649e3000 	C:\Program Files\Java\javafx-sdk-11.0.2\bin\api-ms-win-core-sysinfo-l1-1-0.dll
0x00000242649f0000 - 0x00000242649f3000 	C:\Program Files\Java\javafx-sdk-11.0.2\bin\api-ms-win-core-timezone-l1-1-0.dll
0x0000024264a00000 - 0x0000024264a03000 	C:\Program Files\Java\javafx-sdk-11.0.2\bin\api-ms-win-core-util-l1-1-0.dll
0x0000024264a10000 - 0x0000024264a13000 	C:\Program Files\Java\javafx-sdk-11.0.2\bin\api-ms-win-crt-conio-l1-1-0.dll
0x0000024264a20000 - 0x0000024264a24000 	C:\Program Files\Java\javafx-sdk-11.0.2\bin\api-ms-win-crt-convert-l1-1-0.dll
0x0000024264a30000 - 0x0000024264a33000 	C:\Program Files\Java\javafx-sdk-11.0.2\bin\api-ms-win-crt-environment-l1-1-0.dll
0x0000024264a40000 - 0x0000024264a43000 	C:\Program Files\Java\javafx-sdk-11.0.2\bin\api-ms-win-crt-filesystem-l1-1-0.dll
0x0000024264a50000 - 0x0000024264a53000 	C:\Program Files\Java\javafx-sdk-11.0.2\bin\api-ms-win-crt-heap-l1-1-0.dll
0x0000024264a60000 - 0x0000024264a63000 	C:\Program Files\Java\javafx-sdk-11.0.2\bin\api-ms-win-crt-locale-l1-1-0.dll
0x0000024264a70000 - 0x0000024264a75000 	C:\Program Files\Java\javafx-sdk-11.0.2\bin\api-ms-win-crt-math-l1-1-0.dll
0x0000024264a80000 - 0x0000024264a85000 	C:\Program Files\Java\javafx-sdk-11.0.2\bin\api-ms-win-crt-multibyte-l1-1-0.dll
0x0000024264a90000 - 0x0000024264aa0000 	C:\Program Files\Java\javafx-sdk-11.0.2\bin\api-ms-win-crt-private-l1-1-0.dll
0x0000024264aa0000 - 0x0000024264aa3000 	C:\Program Files\Java\javafx-sdk-11.0.2\bin\api-ms-win-crt-process-l1-1-0.dll
0x0000024264ab0000 - 0x0000024264ab4000 	C:\Program Files\Java\javafx-sdk-11.0.2\bin\api-ms-win-crt-runtime-l1-1-0.dll
0x0000024264ac0000 - 0x0000024264ac4000 	C:\Program Files\Java\javafx-sdk-11.0.2\bin\api-ms-win-crt-stdio-l1-1-0.dll
0x0000024264ad0000 - 0x0000024264ad4000 	C:\Program Files\Java\javafx-sdk-11.0.2\bin\api-ms-win-crt-string-l1-1-0.dll
0x0000024264ae0000 - 0x0000024264ae3000 	C:\Program Files\Java\javafx-sdk-11.0.2\bin\api-ms-win-crt-time-l1-1-0.dll
0x0000024264af0000 - 0x0000024264af3000 	C:\Program Files\Java\javafx-sdk-11.0.2\bin\api-ms-win-crt-utility-l1-1-0.dll
0x00007ffaae570000 - 0x00007ffaae66a000 	C:\Program Files\Java\javafx-sdk-11.0.2\bin\ucrtbase.dll
0x00007ffad5d40000 - 0x00007ffad5d56000 	C:\Program Files\Java\javafx-sdk-11.0.2\bin\vcruntime140.dll
0x00007ffabb1b0000 - 0x00007ffabb256000 	C:\Program Files\Java\javafx-sdk-11.0.2\bin\msvcp140.dll
0x00007ffac05f0000 - 0x00007ffac0641000 	C:\Program Files\Java\javafx-sdk-11.0.2\bin\concrt140.dll
0x00007ffad0a70000 - 0x00007ffad0a93000 	C:\Program Files\Java\javafx-sdk-11.0.2\bin\prism_d3d.dll
0x00007ffaec140000 - 0x00007ffaec307000 	C:\WINDOWS\system32\d3d9.dll
0x00007ffaf1730000 - 0x00007ffaf175d000 	C:\WINDOWS\SYSTEM32\dwmapi.dll
0x00007ffaf2030000 - 0x00007ffaf2050000 	C:\WINDOWS\SYSTEM32\dxcore.dll
0x00007ffaf1210000 - 0x00007ffaf12a9000 	C:\WINDOWS\system32\uxtheme.dll
0x00007ffaeaaa0000 - 0x00007ffaeab8f000 	C:\WINDOWS\System32\DriverStore\FileRepository\nv_dispi.inf_amd64_9952681a7bb1dfac\nvldumdx.dll
0x00007ffaf4300000 - 0x00007ffaf4449000 	C:\WINDOWS\System32\crypt32.dll
0x00007ffaf3420000 - 0x00007ffaf3432000 	C:\WINDOWS\System32\MSASN1.dll
0x00007ffaeabe0000 - 0x00007ffaeac0f000 	C:\WINDOWS\SYSTEM32\cryptnet.dll
0x00007ffaf4550000 - 0x00007ffaf45ac000 	C:\WINDOWS\System32\WINTRUST.DLL
0x00007ffaf6250000 - 0x00007ffaf626d000 	C:\WINDOWS\System32\imagehlp.dll
0x00007ffaf2740000 - 0x00007ffaf2773000 	C:\WINDOWS\system32\rsaenh.dll
0x00007ffaf3c30000 - 0x00007ffaf3c56000 	C:\WINDOWS\System32\bcrypt.dll
0x00007ffa7df10000 - 0x00007ffa7f433000 	C:\WINDOWS\System32\DriverStore\FileRepository\nv_dispi.inf_amd64_9952681a7bb1dfac\nvd3dumx.dll
0x00007ffac24a0000 - 0x00007ffac24e5000 	C:\Program Files\Java\javafx-sdk-11.0.2\bin\glass.dll
0x00007ffaf45b0000 - 0x00007ffaf4680000 	C:\WINDOWS\System32\COMDLG32.dll
0x00007ffaf5360000 - 0x00007ffaf54b7000 	C:\WINDOWS\System32\ole32.dll
0x00007ffaf46d0000 - 0x00007ffaf4794000 	C:\WINDOWS\System32\OLEAUT32.dll
0x00007ffaf51b0000 - 0x00007ffaf52e6000 	C:\WINDOWS\System32\MSCTF.dll
0x00007ffac3a20000 - 0x00007ffac3cd7000 	C:\WINDOWS\system32\nvspcap64.dll
0x00007ffaf2420000 - 0x00007ffaf2451000 	C:\WINDOWS\SYSTEM32\ntmarta.dll
0x00007ffaf1fe0000 - 0x00007ffaf2002000 	C:\WINDOWS\SYSTEM32\gpapi.dll
0x00007ffad2270000 - 0x00007ffad2284000 	C:\Program Files\Java\javafx-sdk-11.0.2\bin\javafx_font.dll
0x00007ffad94a0000 - 0x00007ffad979e000 	C:\WINDOWS\SYSTEM32\dwrite.dll
0x00007ffaf5600000 - 0x00007ffaf56a2000 	C:\WINDOWS\System32\clbcatq.dll
0x00007ffaed690000 - 0x00007ffaed83f000 	C:\WINDOWS\SYSTEM32\WindowsCodecs.dll
0x00007ffadc720000 - 0x00007ffadc75a000 	C:\WINDOWS\system32\dataexchange.dll
0x00007ffaf0890000 - 0x00007ffaf0a6c000 	C:\WINDOWS\system32\dcomp.dll
0x00007ffaf01d0000 - 0x00007ffaf042b000 	C:\WINDOWS\system32\d3d11.dll
0x00007ffaf20c0000 - 0x00007ffaf21ab000 	C:\WINDOWS\system32\dxgi.dll
0x00007ffaf13c0000 - 0x00007ffaf1621000 	C:\WINDOWS\system32\twinapi.appcore.dll

dbghelp: loaded successfully - version: 4.0.5 - missing functions: none
symbol engine: initialized successfully - sym options: 0x614 - pdb path: .;C:\Program Files\Java\jdk-11.0.2\bin;C:\WINDOWS\SYSTEM32;C:\WINDOWS\WinSxS\amd64_microsoft.windows.common-controls_6595b64144ccf1df_6.0.18362.836_none_e6c4b943130f18ed;C:\Program Files\Java\jdk-11.0.2\bin\server;C:\Program Files\Java\javafx-sdk-11.0.2\bin;C:\WINDOWS\System32\DriverStore\FileRepository\nv_dispi.inf_amd64_9952681a7bb1dfac;C:\Program Files\Common Files\Microsoft Shared\Ink;C:\Program Files\Norton Internet Security\Engine\22.20.2.57;C:\WINDOWS\WinSxS\amd64_microsoft.windows.gdiplus_6595b64144ccf1df_1.1.18362.836_none_17afac286da192bb;C:\Program Files (x86)\Dropbox\Client;C:\Program Files\Google\Drive;C:\WINDOWS\WinSxS\amd64_microsoft.vc90.crt_1fc8b3b9a1e18e3b_9.0.30729.9619_none_08e065a3a84109b0;C:\Users\Pavel\AppData\Local\Microsoft\OneDrive\20.052.0311.0011\amd64

VM Arguments:
jvm_args: -agentlib:jdwp=transport=dt_socket,address=127.0.0.1:64489,suspend=y,server=n --add-modules=javafx.base,javafx.graphics --add-reads=javafx.base=ALL-UNNAMED --add-reads=javafx.graphics=ALL-UNNAMED -javaagent:C:\Users\Pavel\.IntelliJIdea2019.3\system\captureAgent\debugger-agent.jar -Dfile.encoding=UTF-8 --module-path=C:\Program Files\Java\javafx-sdk-11.0.2\lib\javafx.base.jar;C:\Program Files\Java\javafx-sdk-11.0.2\lib\javafx.graphics.jar;C:\Users\Pavel\IdeaProjects\PIC16F84-Simulation\out\production\PIC16F84-Simulation;C:\Users\Pavel\.m2\repository\junit\junit\4.12\junit-4.12.jar;C:\Users\Pavel\.m2\repository\org\hamcrest\hamcrest-core\1.3\hamcrest-core-1.3.jar;C:\Users\Pavel\.m2\repository\org\junit\jupiter\junit-jupiter\5.4.2\junit-jupiter-5.4.2.jar;C:\Users\Pavel\.m2\repository\org\junit\jupiter\junit-jupiter-api\5.4.2\junit-jupiter-api-5.4.2.jar;C:\Users\Pavel\.m2\repository\org\apiguardian\apiguardian-api\1.0.0\apiguardian-api-1.0.0.jar;C:\Users\Pavel\.m2\repository\org\opentest4j\opentest4j\1.1.1\opentest4j-1.1.1.jar;C:\Users\Pavel\.m2\repository\org\junit\platform\junit-platform-commons\1.4.2\junit-platform-commons-1.4.2.jar;C:\Users\Pavel\.m2\repository\org\junit\jupiter\junit-jupiter-params\5.4.2\junit-jupiter-params-5.4.2.jar;C:\Users\Pavel\.m2\repository\org\junit\jupiter\junit-jupiter-engine\5.4.2\junit-jupiter-engine-5.4.2.jar;C:\Users\Pavel\.m2\repository\org\junit\platform\junit-platform-engine\1.4.2\junit-platform-engine-1.4.2.jar;C:\Program Files\Java\javafx-sdk-11.0.2\lib\javafx-swt.jar;C:\Program Files\Java\javafx-sdk-11.0.2\lib\javafx.controls.jar;C:\Program Files\Java\javafx-sdk-11.0.2\lib\javafx.fxml.jar;C:\Program Files\Java\javafx-sdk-11.0.2\lib\javafx.media.jar;C:\Program Files\Java\javafx-sdk-11.0.2\lib\javafx.swing.jar;C:\Program Files\Java\javafx-sdk-11.0.2\lib\javafx.web.jar -Djdk.module.main=PIC16F84.Simulation 
java_command: PIC16F84.Simulation/GUI.Simulation_GUI
java_class_path (initial): C:\Program Files\JetBrains\IntelliJ IDEA 2019.3\lib\idea_rt.jar
Launcher Type: SUN_STANDARD

[Global flags]
     intx CICompilerCount                          = 4                                         {product} {ergonomic}
     uint ConcGCThreads                            = 3                                         {product} {ergonomic}
     uint G1ConcRefinementThreads                  = 10                                        {product} {ergonomic}
   size_t G1HeapRegionSize                         = 1048576                                   {product} {ergonomic}
    uintx GCDrainStackTargetSize                   = 64                                        {product} {ergonomic}
   size_t InitialHeapSize                          = 268435456                                 {product} {ergonomic}
   size_t MarkStackSize                            = 4194304                                   {product} {ergonomic}
   size_t MaxHeapSize                              = 4278190080                                {product} {ergonomic}
   size_t MaxNewSize                               = 2566914048                                {product} {ergonomic}
   size_t MinHeapDeltaBytes                        = 1048576                                   {product} {ergonomic}
    uintx NonNMethodCodeHeapSize                   = 5835340                                {pd product} {ergonomic}
    uintx NonProfiledCodeHeapSize                  = 122911450                              {pd product} {ergonomic}
    uintx ProfiledCodeHeapSize                     = 122911450                              {pd product} {ergonomic}
    uintx ReservedCodeCacheSize                    = 251658240                              {pd product} {ergonomic}
     bool SegmentedCodeCache                       = true                                      {product} {ergonomic}
     bool UseCompressedClassPointers               = true                                 {lp64_product} {ergonomic}
     bool UseCompressedOops                        = true                                 {lp64_product} {ergonomic}
     bool UseG1GC                                  = true                                      {product} {ergonomic}
     bool UseLargePagesIndividualAllocation        = false                                  {pd product} {ergonomic}

Logging:
Log output configuration:
 #0: stdout all=warning uptime,level,tags
 #1: stderr all=off uptime,level,tags

Environment Variables:
JAVA_HOME=C:\Program Files\Java\jdk-12
PATH=C:\Windows\system32;C:\Windows;C:\Windows\System32\Wbem;C:\Windows\System32\WindowsPowerShell\v1.0\;C:\Program Files (x86)\NVIDIA Corporation\PhysX\Common;C:\WINDOWS\system32;C:\WINDOWS;C:\WINDOWS\System32\Wbem;C:\WINDOWS\System32\WindowsPowerShell\v1.0\;C:\WINDOWS\System32\OpenSSH\;C:\Program Files\dotnet\;D:\Program Files (x86)\File Viewer Lite\lib\magick;C:\Program Files\NVIDIA Corporation\NVIDIA NvDLISR;C:\WINDOWS\system32;C:\WINDOWS;C:\WINDOWS\System32\Wbem;C:\WINDOWS\System32\WindowsPowerShell\v1.0\;C:\WINDOWS\System32\OpenSSH\;D:\Program Files (x86)\Git\cmd;C:\Program Files\Java\jdk-11.0.2\bin;C:\Users\Pavel\AppData\Local\Microsoft\WindowsApps;C:\Users\Pavel\AppData\Local\Programs\Microsoft VS Code\bin;C:\Program Files\Java\jdk-11.0.2\bin;
USERNAME=Pavel
OS=Windows_NT
PROCESSOR_IDENTIFIER=AMD64 Family 23 Model 1 Stepping 1, AuthenticAMD



---------------  S Y S T E M  ---------------

OS: Windows 10 , 64 bit Build 18362 (10.0.18362.778)

CPU:total 12 (initial active 12) (12 cores per cpu, 2 threads per core) family 23 model 1 stepping 1, cmov, cx8, fxsr, mmx, sse, sse2, sse3, ssse3, sse4.1, sse4.2, popcnt, avx, avx2, aes, clmul, mmxext, 3dnowpref, lzcnt, sse4a, ht, tsc, tscinvbit, tscinv, bmi1, bmi2, adx, sha, fma

Memory: 4k page, system-wide physical 16319M (7164M free)
TotalPageFile size 26559M (AvailPageFile size 10236M)
current process WorkingSet (physical memory assigned to process): 251M, peak: 310M
current process commit charge ("private bytes"): 486M, peak: 541M

vm_info: OpenJDK 64-Bit Server VM (11.0.2+9) for windows-amd64 JRE (11.0.2+9), built on Jan 18 2019 05:23:22 by "mach5one" with MS VC++ 15.5 (VS2017)

END.
